Log file open, 12/16/20 04:12:47
LogInit: Display: Running engine for game: IceCubeGame
LogPlatformFile: Not using cached read wrapper
LogTaskGraph: Started task graph with 5 named threads and 23 total threads with 3 sets of task threads.
LogStats: Stats thread started at 0.245596
LogD3D11RHI: Loaded GFSDK_Aftermath_Lib.x64.dll
LogICUInternationalization: ICU TimeZone Detection - Raw Offset: -7:00, Platform Override: ''
LogPluginManager: Mounting plugin Paper2D
LogPluginManager: Mounting plugin AISupport
LogPluginManager: Mounting plugin LightPropagationVolume
LogPluginManager: Mounting plugin CameraShakePreviewer
LogPluginManager: Mounting plugin ActorLayerUtilities
LogPluginManager: Mounting plugin AnimationSharing
LogPluginManager: Mounting plugin CLionSourceCodeAccess
LogPluginManager: Mounting plugin CodeLiteSourceCodeAccess
LogPluginManager: Mounting plugin GitSourceControl
LogPluginManager: Mounting plugin KDevelopSourceCodeAccess
LogPluginManager: Mounting plugin NullSourceCodeAccess
LogPluginManager: Mounting plugin PerforceSourceControl
LogPluginManager: Mounting plugin PlasticSourceControl
LogPluginManager: Mounting plugin RiderSourceCodeAccess
LogPluginManager: Mounting plugin SubversionSourceControl
LogPluginManager: Mounting plugin UObjectPlugin
LogPluginManager: Mounting plugin VisualStudioCodeSourceCodeAccess
LogPluginManager: Mounting plugin VisualStudioSourceCodeAccess
LogPluginManager: Mounting plugin XCodeSourceCodeAccess
LogPluginManager: Mounting plugin AssetManagerEditor
LogPluginManager: Mounting plugin CryptoKeys
LogPluginManager: Mounting plugin CurveEditorTools
LogPluginManager: Mounting plugin DataValidation
LogPluginManager: Mounting plugin EditorScriptingUtilities
LogPluginManager: Mounting plugin FacialAnimation
LogPluginManager: Mounting plugin GameplayTagsEditor
LogPluginManager: Mounting plugin GeometryMode
LogPluginManager: Mounting plugin MacGraphicsSwitching
LogPluginManager: Mounting plugin MaterialAnalyzer
LogPluginManager: Mounting plugin MobileLauncherProfileWizard
LogPluginManager: Mounting plugin PluginBrowser
LogPluginManager: Mounting plugin SpeedTreeImporter
LogPluginManager: Mounting plugin DatasmithContent
LogPluginManager: Mounting plugin VariantManagerContent
LogPluginManager: Mounting plugin AlembicImporter
LogPluginManager: Mounting plugin AutomationUtils
LogPluginManager: Mounting plugin BackChannel
LogPluginManager: Mounting plugin ChaosCloth
LogPluginManager: Mounting plugin ChaosClothEditor
LogPluginManager: Mounting plugin ChaosEditor
LogPluginManager: Mounting plugin ChaosNiagara
LogPluginManager: Mounting plugin ChaosSolverPlugin
LogPluginManager: Mounting plugin CharacterAI
LogPluginManager: Mounting plugin GeometryCache
LogPluginManager: Mounting plugin GeometryCollectionPlugin
LogPluginManager: Mounting plugin GeometryProcessing
LogPluginManager: Mounting plugin PlanarCut
LogPluginManager: Mounting plugin PlatformCrypto
LogPluginManager: Mounting plugin ProxyLODPlugin
LogPluginManager: Mounting plugin SkeletalReduction
LogPluginManager: Mounting plugin Niagara
LogPluginManager: Mounting plugin MagicLeap
LogPluginManager: Mounting plugin MagicLeapLightEstimation
LogPluginManager: Mounting plugin MagicLeapMedia
LogPluginManager: Mounting plugin MagicLeapPassableWorld
LogPluginManager: Mounting plugin MLSDK
LogPluginManager: Mounting plugin AndroidMedia
LogPluginManager: Mounting plugin AvfMedia
LogPluginManager: Mounting plugin ImgMedia
LogPluginManager: Mounting plugin MediaCompositing
LogPluginManager: Mounting plugin MediaPlayerEditor
LogPluginManager: Mounting plugin WebMMedia
LogPluginManager: Mounting plugin WmfMedia
LogPluginManager: Mounting plugin MeshPainting
LogPluginManager: Mounting plugin TcpMessaging
LogPluginManager: Mounting plugin UdpMessaging
LogPluginManager: Mounting plugin ActorSequence
LogPluginManager: Mounting plugin LevelSequenceEditor
LogPluginManager: Mounting plugin MatineeToLevelSequence
LogPluginManager: Mounting plugin MovieRenderPipeline
LogPluginManager: Mounting plugin TemplateSequence
LogPluginManager: Mounting plugin NetcodeUnitTest
LogPluginManager: Mounting plugin NUTUnrealEngine4
LogPluginManager: Mounting plugin OnlineSubsystemGooglePlay
LogPluginManager: Mounting plugin OnlineSubsystemIOS
LogPluginManager: Mounting plugin OnlineSubsystem
LogPluginManager: Mounting plugin OnlineSubsystemNull
LogPluginManager: Mounting plugin OnlineSubsystemUtils
LogPluginManager: Mounting plugin LauncherChunkInstaller
LogPluginManager: Mounting plugin AndroidDeviceProfileSelector
LogPluginManager: Mounting plugin AndroidMoviePlayer
LogPluginManager: Mounting plugin AndroidPermission
LogPluginManager: Mounting plugin AppleImageUtils
LogPluginManager: Mounting plugin AppleMoviePlayer
LogPluginManager: Mounting plugin ArchVisCharacter
LogPluginManager: Mounting plugin AssetTags
LogPluginManager: Mounting plugin AudioCapture
LogPluginManager: Mounting plugin CableComponent
LogPluginManager: Mounting plugin CustomMeshComponent
LogPluginManager: Mounting plugin EditableMesh
LogPluginManager: Mounting plugin ExampleDeviceProfileSelector
LogPluginManager: Mounting plugin GoogleCloudMessaging
LogPluginManager: Mounting plugin GooglePAD
LogPluginManager: Mounting plugin IOSDeviceProfileSelector
LogPluginManager: Mounting plugin LinuxDeviceProfileSelector
LogPluginManager: Mounting plugin LocationServicesBPLibrary
LogPluginManager: Mounting plugin MobilePatchingUtils
LogPluginManager: Mounting plugin OculusVR
LogPluginManager: Mounting plugin PhysXVehicles
LogPluginManager: Mounting plugin PostSplashScreen
LogPluginManager: Mounting plugin ProceduralMeshComponent
LogPluginManager: Mounting plugin RuntimePhysXCooking
LogPluginManager: Mounting plugin SignificanceManager
LogPluginManager: Mounting plugin SoundFields
LogPluginManager: Mounting plugin SteamVR
LogPluginManager: Mounting plugin Synthesis
LogPluginManager: Mounting plugin WebMMoviePlayer
LogPluginManager: Mounting plugin WindowsMoviePlayer
LogPluginManager: Mounting plugin ScreenshotTools
LogInit: Using libcurl 7.55.1-DEV
LogInit:  - built for x86_64-pc-win32
LogInit:  - supports SSL with OpenSSL/1.1.1
LogInit:  - supports HTTP deflate (compression) using libz 1.2.8
LogInit:  - other features:
LogInit:      CURL_VERSION_SSL
LogInit:      CURL_VERSION_LIBZ
LogInit:      CURL_VERSION_IPV6
LogInit:      CURL_VERSION_ASYNCHDNS
LogInit:      CURL_VERSION_LARGEFILE
LogInit:      CURL_VERSION_IDN
LogInit:  CurlRequestOptions (configurable via config and command line):
LogInit:  - bVerifyPeer = true  - Libcurl will verify peer certificate
LogInit:  - bUseHttpProxy = false  - Libcurl will NOT use HTTP proxy
LogInit:  - bDontReuseConnections = false  - Libcurl will reuse connections
LogInit:  - MaxHostConnections = 16  - Libcurl will limit the number of connections to a host
LogInit:  - LocalHostAddr = Default
LogInit:  - BufferSize = 65536
LogOnline: OSS: Creating online subsystem instance for: NULL
LogInit: WinSock: version 1.1 (2.2), MaxSocks=32767, MaxUdp=65467
LogOnline: OSS: TryLoadSubsystemAndSetDefault: Loaded subsystem for module [NULL]
LogInit: Build: ++UE4+Release-4.25-CL-14469661
LogInit: Engine Version: 4.25.4-14469661+++UE4+Release-4.25
LogInit: Compatible Engine Version: 4.25.0-13144385+++UE4+Release-4.25
LogInit: Net CL: 13144385
LogInit: OS: Windows 10 (Release 2004) (), CPU: Intel(R) Core(TM) i7-7700HQ CPU @ 2.80GHz, GPU: Intel(R) HD Graphics 630
LogInit: Compiled (64-bit): Oct 11 2020 08:10:49
LogInit: Compiled with Visual C++: 19.24.28315.00
LogInit: Build Configuration: Development
LogInit: Branch Name: ++UE4+Release-4.25
LogInit: Command Line: 
LogInit: Base Directory: C:/Program Files/Epic Games/UE_4.25/Engine/Binaries/Win64/
LogInit: Allocator: TBB
LogInit: Installed Engine Build: 1
LogDevObjectVersion: Number of dev versions registered: 26
LogDevObjectVersion:   Dev-Blueprints (B0D832E4-1F89-4F0D-ACCF-7EB736FD4AA2): 10
LogDevObjectVersion:   Dev-Build (E1C64328-A22C-4D53-A36C-8E866417BD8C): 0
LogDevObjectVersion:   Dev-Core (375EC13C-06E4-48FB-B500-84F0262A717E): 4
LogDevObjectVersion:   Dev-Editor (E4B068ED-F494-42E9-A231-DA0B2E46BB41): 38
LogDevObjectVersion:   Dev-Framework (CFFC743F-43B0-4480-9391-14DF171D2073): 37
LogDevObjectVersion:   Dev-Mobile (B02B49B5-BB20-44E9-A304-32B752E40360): 2
LogDevObjectVersion:   Dev-Networking (A4E4105C-59A1-49B5-A7C5-40C4547EDFEE): 0
LogDevObjectVersion:   Dev-Online (39C831C9-5AE6-47DC-9A44-9C173E1C8E7C): 0
LogDevObjectVersion:   Dev-Physics (78F01B33-EBEA-4F98-B9B4-84EACCB95AA2): 4
LogDevObjectVersion:   Dev-Platform (6631380F-2D4D-43E0-8009-CF276956A95A): 0
LogDevObjectVersion:   Dev-Rendering (12F88B9F-8875-4AFC-A67C-D90C383ABD29): 43
LogDevObjectVersion:   Dev-Sequencer (7B5AE74C-D270-4C10-A958-57980B212A5A): 12
LogDevObjectVersion:   Dev-VR (D7296918-1DD6-4BDD-9DE2-64A83CC13884): 3
LogDevObjectVersion:   Dev-LoadTimes (C2A15278-BFE7-4AFE-6C17-90FF531DF755): 1
LogDevObjectVersion:   Private-Geometry (6EACA3D4-40EC-4CC1-B786-8BED09428FC5): 3
LogDevObjectVersion:   Dev-AnimPhys (29E575DD-E0A3-4627-9D10-D276232CDCEA): 17
LogDevObjectVersion:   Dev-Anim (AF43A65D-7FD3-4947-9873-3E8ED9C1BB05): 7
LogDevObjectVersion:   Dev-ReflectionCapture (6B266CEC-1EC7-4B8F-A30B-E4D90942FC07): 1
LogDevObjectVersion:   Dev-Automation (0DF73D61-A23F-47EA-B727-89E90C41499A): 1
LogDevObjectVersion:   FortniteMain (601D1886-AC64-4F84-AA16-D3DE0DEAC7D6): 31
LogDevObjectVersion:   Dev-Enterprise (9DFFBCD6-494F-0158-E221-12823C92A888): 10
LogDevObjectVersion:   Dev-Niagara (F2AED0AC-9AFE-416F-8664-AA7FFA26D6FC): 1
LogDevObjectVersion:   Dev-Destruction (174F1F0B-B4C6-45A5-B13F-2EE8D0FB917D): 10
LogDevObjectVersion:   Dev-Physics-Ext (35F94A83-E258-406C-A318-09F59610247C): 37
LogDevObjectVersion:   Dev-PhysicsMaterial-Chaos (B68FC16E-8B1B-42E2-B453-215C058844FE): 1
LogDevObjectVersion:   Dev-CineCamera (B2E18506-4273-CFC2-A54E-F4BB758BBA07): 1
LogInit: Presizing for max 25165824 objects, including 0 objects not considered by GC, pre-allocating 0 bytes for permanent pool.
LogConfig: Applying CVar settings from Section [/Script/Engine.StreamingSettings] File [C:/Users/bewha/Desktop/Unreal project/IceCubeGame/Saved/Config/Windows/Engine.ini]
LogConfig: Setting CVar [[s.MinBulkDataSizeForAsyncLoading:131072]]
LogConfig: Setting CVar [[s.AsyncLoadingThreadEnabled:0]]
LogConfig: Setting CVar [[s.EventDrivenLoaderEnabled:1]]
LogConfig: Setting CVar [[s.WarnIfTimeLimitExceeded:0]]
LogConfig: Setting CVar [[s.TimeLimitExceededMultiplier:1.5]]
LogConfig: Setting CVar [[s.TimeLimitExceededMinTime:0.005]]
LogConfig: Setting CVar [[s.UseBackgroundLevelStreaming:1]]
LogConfig: Setting CVar [[s.PriorityAsyncLoadingExtraTime:15.0]]
LogConfig: Setting CVar [[s.LevelStreamingActorsUpdateTimeLimit:5.0]]
LogConfig: Setting CVar [[s.PriorityLevelStreamingActorsUpdateExtraTime:5.0]]
LogConfig: Setting CVar [[s.LevelStreamingComponentsRegistrationGranularity:10]]
LogConfig: Setting CVar [[s.UnregisterComponentsTimeLimit:1.0]]
LogConfig: Setting CVar [[s.LevelStreamingComponentsUnregistrationGranularity:5]]
LogConfig: Setting CVar [[s.FlushStreamingOnExit:1]]
LogInit: Object subsystem initialized
LogConfig: Setting CVar [[con.DebugEarlyDefault:1]]
LogConfig: Setting CVar [[r.setres:1280x720]]
[2020.12.16-11.12.47:496][  0]LogConfig: Setting CVar [[r.VSync:0]]
[2020.12.16-11.12.47:496][  0]LogConfig: Setting CVar [[r.RHICmdBypass:0]]
[2020.12.16-11.12.47:496][  0]LogConfig: Applying CVar settings from Section [/Script/Engine.RendererSettings] File [C:/Users/bewha/Desktop/Unreal project/IceCubeGame/Saved/Config/Windows/Engine.ini]
[2020.12.16-11.12.47:496][  0]LogConfig: Setting CVar [[r.GPUCrashDebugging:0]]
[2020.12.16-11.12.47:496][  0]LogConfig: Applying CVar settings from Section [/Script/Engine.RendererOverrideSettings] File [C:/Users/bewha/Desktop/Unreal project/IceCubeGame/Saved/Config/Windows/Engine.ini]
[2020.12.16-11.12.47:496][  0]LogConfig: Applying CVar settings from Section [/Script/Engine.StreamingSettings] File [C:/Users/bewha/Desktop/Unreal project/IceCubeGame/Saved/Config/Windows/Engine.ini]
[2020.12.16-11.12.47:496][  0]LogConfig: Setting CVar [[s.MinBulkDataSizeForAsyncLoading:131072]]
[2020.12.16-11.12.47:496][  0]LogConfig: Setting CVar [[s.AsyncLoadingThreadEnabled:0]]
[2020.12.16-11.12.47:496][  0]LogConfig: Setting CVar [[s.EventDrivenLoaderEnabled:1]]
[2020.12.16-11.12.47:496][  0]LogConfig: Setting CVar [[s.WarnIfTimeLimitExceeded:0]]
[2020.12.16-11.12.47:496][  0]LogConfig: Setting CVar [[s.TimeLimitExceededMultiplier:1.5]]
[2020.12.16-11.12.47:496][  0]LogConfig: Setting CVar [[s.TimeLimitExceededMinTime:0.005]]
[2020.12.16-11.12.47:496][  0]LogConfig: Setting CVar [[s.UseBackgroundLevelStreaming:1]]
[2020.12.16-11.12.47:496][  0]LogConfig: Setting CVar [[s.PriorityAsyncLoadingExtraTime:15.0]]
[2020.12.16-11.12.47:496][  0]LogConfig: Setting CVar [[s.LevelStreamingActorsUpdateTimeLimit:5.0]]
[2020.12.16-11.12.47:496][  0]LogConfig: Setting CVar [[s.PriorityLevelStreamingActorsUpdateExtraTime:5.0]]
[2020.12.16-11.12.47:496][  0]LogConfig: Setting CVar [[s.LevelStreamingComponentsRegistrationGranularity:10]]
[2020.12.16-11.12.47:496][  0]LogConfig: Setting CVar [[s.UnregisterComponentsTimeLimit:1.0]]
[2020.12.16-11.12.47:496][  0]LogConfig: Setting CVar [[s.LevelStreamingComponentsUnregistrationGranularity:5]]
[2020.12.16-11.12.47:496][  0]LogConfig: Setting CVar [[s.FlushStreamingOnExit:1]]
[2020.12.16-11.12.47:496][  0]LogConfig: Applying CVar settings from Section [/Script/Engine.GarbageCollectionSettings] File [C:/Users/bewha/Desktop/Unreal project/IceCubeGame/Saved/Config/Windows/Engine.ini]
[2020.12.16-11.12.47:496][  0]LogConfig: Setting CVar [[gc.MaxObjectsNotConsideredByGC:1]]
[2020.12.16-11.12.47:496][  0]LogConfig: Setting CVar [[gc.SizeOfPermanentObjectPool:0]]
[2020.12.16-11.12.47:496][  0]LogConfig: Setting CVar [[gc.FlushStreamingOnGC:0]]
[2020.12.16-11.12.47:496][  0]LogConfig: Setting CVar [[gc.NumRetriesBeforeForcingGC:10]]
[2020.12.16-11.12.47:497][  0]LogConfig: Setting CVar [[gc.AllowParallelGC:1]]
[2020.12.16-11.12.47:497][  0]LogConfig: Setting CVar [[gc.TimeBetweenPurgingPendingKillObjects:61.1]]
[2020.12.16-11.12.47:497][  0]LogConfig: Setting CVar [[gc.MaxObjectsInEditor:25165824]]
[2020.12.16-11.12.47:497][  0]LogConfig: Setting CVar [[gc.IncrementalBeginDestroyEnabled:1]]
[2020.12.16-11.12.47:497][  0]LogConfig: Setting CVar [[gc.CreateGCClusters:1]]
[2020.12.16-11.12.47:497][  0]LogConfig: Setting CVar [[gc.MinGCClusterSize:5]]
[2020.12.16-11.12.47:497][  0]LogConfig: Setting CVar [[gc.ActorClusteringEnabled:0]]
[2020.12.16-11.12.47:497][  0]LogConfig: Setting CVar [[gc.BlueprintClusteringEnabled:0]]
[2020.12.16-11.12.47:497][  0]LogConfig: Setting CVar [[gc.UseDisregardForGCOnDedicatedServers:0]]
[2020.12.16-11.12.47:497][  0]LogConfig: Applying CVar settings from Section [/Script/Engine.NetworkSettings] File [C:/Users/bewha/Desktop/Unreal project/IceCubeGame/Saved/Config/Windows/Engine.ini]
[2020.12.16-11.12.47:497][  0]LogConfig: Applying CVar settings from Section [/Script/UnrealEd.CookerSettings] File [C:/Users/bewha/Desktop/Unreal project/IceCubeGame/Saved/Config/Windows/Engine.ini]
[2020.12.16-11.12.47:501][  0]LogConfig: Applying CVar settings from Section [ViewDistanceQuality@3] File [C:/Users/bewha/Desktop/Unreal project/IceCubeGame/Saved/Config/Windows/Scalability.ini]
[2020.12.16-11.12.47:501][  0]LogConfig: Setting CVar [[r.SkeletalMeshLODBias:0]]
[2020.12.16-11.12.47:501][  0]LogConfig: Setting CVar [[r.ViewDistanceScale:1.0]]
[2020.12.16-11.12.47:501][  0]LogConfig: Applying CVar settings from Section [AntiAliasingQuality@3] File [C:/Users/bewha/Desktop/Unreal project/IceCubeGame/Saved/Config/Windows/Scalability.ini]
[2020.12.16-11.12.47:501][  0]LogConfig: Setting CVar [[r.PostProcessAAQuality:4]]
[2020.12.16-11.12.47:501][  0]LogConfig: Applying CVar settings from Section [ShadowQuality@3] File [C:/Users/bewha/Desktop/Unreal project/IceCubeGame/Saved/Config/Windows/Scalability.ini]
[2020.12.16-11.12.47:501][  0]LogConfig: Setting CVar [[r.LightFunctionQuality:1]]
[2020.12.16-11.12.47:501][  0]LogConfig: Setting CVar [[r.ShadowQuality:5]]
[2020.12.16-11.12.47:501][  0]LogConfig: Setting CVar [[r.Shadow.CSM.MaxCascades:10]]
[2020.12.16-11.12.47:501][  0]LogConfig: Setting CVar [[r.Shadow.MaxResolution:2048]]
[2020.12.16-11.12.47:501][  0]LogConfig: Setting CVar [[r.Shadow.MaxCSMResolution:2048]]
[2020.12.16-11.12.47:501][  0]LogConfig: Setting CVar [[r.Shadow.RadiusThreshold:0.01]]
[2020.12.16-11.12.47:501][  0]LogConfig: Setting CVar [[r.Shadow.DistanceScale:1.0]]
[2020.12.16-11.12.47:501][  0]LogConfig: Setting CVar [[r.Shadow.CSM.TransitionScale:1.0]]
[2020.12.16-11.12.47:501][  0]LogConfig: Setting CVar [[r.Shadow.PreShadowResolutionFactor:1.0]]
[2020.12.16-11.12.47:501][  0]LogConfig: Setting CVar [[r.DistanceFieldShadowing:1]]
[2020.12.16-11.12.47:501][  0]LogConfig: Setting CVar [[r.DistanceFieldAO:1]]
[2020.12.16-11.12.47:501][  0]LogConfig: Setting CVar [[r.AOQuality:2]]
[2020.12.16-11.12.47:501][  0]LogConfig: Setting CVar [[r.VolumetricFog:1]]
[2020.12.16-11.12.47:501][  0]LogConfig: Setting CVar [[r.VolumetricFog.GridPixelSize:8]]
[2020.12.16-11.12.47:501][  0]LogConfig: Setting CVar [[r.VolumetricFog.GridSizeZ:128]]
[2020.12.16-11.12.47:501][  0]LogConfig: Setting CVar [[r.VolumetricFog.HistoryMissSupersampleCount:4]]
[2020.12.16-11.12.47:501][  0]LogConfig: Setting CVar [[r.LightMaxDrawDistanceScale:1]]
[2020.12.16-11.12.47:501][  0]LogConfig: Setting CVar [[r.CapsuleShadows:1]]
[2020.12.16-11.12.47:501][  0]LogConfig: Applying CVar settings from Section [PostProcessQuality@3] File [C:/Users/bewha/Desktop/Unreal project/IceCubeGame/Saved/Config/Windows/Scalability.ini]
[2020.12.16-11.12.47:501][  0]LogConfig: Setting CVar [[r.MotionBlurQuality:4]]
[2020.12.16-11.12.47:501][  0]LogConfig: Setting CVar [[r.AmbientOcclusionMipLevelFactor:0.4]]
[2020.12.16-11.12.47:501][  0]LogConfig: Setting CVar [[r.AmbientOcclusionMaxQuality:100]]
[2020.12.16-11.12.47:501][  0]LogConfig: Setting CVar [[r.AmbientOcclusionLevels:-1]]
[2020.12.16-11.12.47:501][  0]LogConfig: Setting CVar [[r.AmbientOcclusionRadiusScale:1.0]]
[2020.12.16-11.12.47:501][  0]LogConfig: Setting CVar [[r.DepthOfFieldQuality:2]]
[2020.12.16-11.12.47:501][  0]LogConfig: Setting CVar [[r.RenderTargetPoolMin:400]]
[2020.12.16-11.12.47:501][  0]LogConfig: Setting CVar [[r.LensFlareQuality:2]]
[2020.12.16-11.12.47:501][  0]LogConfig: Setting CVar [[r.SceneColorFringeQuality:1]]
[2020.12.16-11.12.47:501][  0]LogConfig: Setting CVar [[r.EyeAdaptationQuality:2]]
[2020.12.16-11.12.47:501][  0]LogConfig: Setting CVar [[r.BloomQuality:5]]
[2020.12.16-11.12.47:501][  0]LogConfig: Setting CVar [[r.FastBlurThreshold:100]]
[2020.12.16-11.12.47:501][  0]LogConfig: Setting CVar [[r.Upscale.Quality:3]]
[2020.12.16-11.12.47:501][  0]LogConfig: Setting CVar [[r.Tonemapper.GrainQuantization:1]]
[2020.12.16-11.12.47:501][  0]LogConfig: Setting CVar [[r.LightShaftQuality:1]]
[2020.12.16-11.12.47:501][  0]LogConfig: Setting CVar [[r.Filter.SizeScale:1]]
[2020.12.16-11.12.47:501][  0]LogConfig: Setting CVar [[r.Tonemapper.Quality:5]]
[2020.12.16-11.12.47:502][  0]LogConfig: Setting CVar [[r.DOF.Gather.AccumulatorQuality:1        ; higher gathering accumulator quality]]
[2020.12.16-11.12.47:502][  0]LogConfig: Setting CVar [[r.DOF.Gather.PostfilterMethod:1          ; Median3x3 postfilering method]]
[2020.12.16-11.12.47:502][  0]LogConfig: Setting CVar [[r.DOF.Gather.EnableBokehSettings:0       ; no bokeh simulation when gathering]]
[2020.12.16-11.12.47:502][  0]LogConfig: Setting CVar [[r.DOF.Gather.RingCount:4                 ; medium number of samples when gathering]]
[2020.12.16-11.12.47:502][  0]LogConfig: Setting CVar [[r.DOF.Scatter.ForegroundCompositing:1    ; additive foreground scattering]]
[2020.12.16-11.12.47:502][  0]LogConfig: Setting CVar [[r.DOF.Scatter.BackgroundCompositing:2    ; additive background scattering]]
[2020.12.16-11.12.47:502][  0]LogConfig: Setting CVar [[r.DOF.Scatter.EnableBokehSettings:1      ; bokeh simulation when scattering]]
[2020.12.16-11.12.47:502][  0]LogConfig: Setting CVar [[r.DOF.Scatter.MaxSpriteRatio:0.1         ; only a maximum of 10% of scattered bokeh]]
[2020.12.16-11.12.47:502][  0]LogConfig: Setting CVar [[r.DOF.Recombine.Quality:1                ; cheap slight out of focus]]
[2020.12.16-11.12.47:502][  0]LogConfig: Setting CVar [[r.DOF.Recombine.EnableBokehSettings:0    ; no bokeh simulation on slight out of focus]]
[2020.12.16-11.12.47:502][  0]LogConfig: Setting CVar [[r.DOF.TemporalAAQuality:1                ; more stable temporal accumulation]]
[2020.12.16-11.12.47:502][  0]LogConfig: Setting CVar [[r.DOF.Kernel.MaxForegroundRadius:0.025]]
[2020.12.16-11.12.47:502][  0]LogConfig: Setting CVar [[r.DOF.Kernel.MaxBackgroundRadius:0.025]]
[2020.12.16-11.12.47:502][  0]LogConfig: Applying CVar settings from Section [TextureQuality@3] File [C:/Users/bewha/Desktop/Unreal project/IceCubeGame/Saved/Config/Windows/Scalability.ini]
[2020.12.16-11.12.47:502][  0]LogConfig: Setting CVar [[r.Streaming.MipBias:0]]
[2020.12.16-11.12.47:502][  0]LogConfig: Setting CVar [[r.Streaming.AmortizeCPUToGPUCopy:0]]
[2020.12.16-11.12.47:502][  0]LogConfig: Setting CVar [[r.Streaming.MaxNumTexturesToStreamPerFrame:0]]
[2020.12.16-11.12.47:502][  0]LogConfig: Setting CVar [[r.Streaming.Boost:1]]
[2020.12.16-11.12.47:502][  0]LogConfig: Setting CVar [[r.MaxAnisotropy:8]]
[2020.12.16-11.12.47:502][  0]LogConfig: Setting CVar [[r.VT.MaxAnisotropy:8]]
[2020.12.16-11.12.47:502][  0]LogConfig: Setting CVar [[r.Streaming.LimitPoolSizeToVRAM:0]]
[2020.12.16-11.12.47:502][  0]LogConfig: Setting CVar [[r.Streaming.PoolSize:1000]]
[2020.12.16-11.12.47:502][  0]LogConfig: Setting CVar [[r.Streaming.MaxEffectiveScreenSize:0]]
[2020.12.16-11.12.47:502][  0]LogConfig: Applying CVar settings from Section [EffectsQuality@3] File [C:/Users/bewha/Desktop/Unreal project/IceCubeGame/Saved/Config/Windows/Scalability.ini]
[2020.12.16-11.12.47:502][  0]LogConfig: Setting CVar [[r.TranslucencyLightingVolumeDim:64]]
[2020.12.16-11.12.47:502][  0]LogConfig: Setting CVar [[r.RefractionQuality:2]]
[2020.12.16-11.12.47:502][  0]LogConfig: Setting CVar [[r.SSR.Quality:3]]
[2020.12.16-11.12.47:502][  0]LogConfig: Setting CVar [[r.SSR.HalfResSceneColor:0]]
[2020.12.16-11.12.47:502][  0]LogConfig: Setting CVar [[r.SceneColorFormat:4]]
[2020.12.16-11.12.47:502][  0]LogConfig: Setting CVar [[r.DetailMode:2]]
[2020.12.16-11.12.47:502][  0]LogConfig: Setting CVar [[r.TranslucencyVolumeBlur:1]]
[2020.12.16-11.12.47:502][  0]LogConfig: Setting CVar [[r.MaterialQualityLevel:1 ; High quality]]
[2020.12.16-11.12.47:502][  0]LogConfig: Setting CVar [[r.SSS.Scale:1]]
[2020.12.16-11.12.47:502][  0]LogConfig: Setting CVar [[r.SSS.SampleSet:2]]
[2020.12.16-11.12.47:502][  0]LogConfig: Setting CVar [[r.SSS.Quality:1]]
[2020.12.16-11.12.47:502][  0]LogConfig: Setting CVar [[r.SSS.HalfRes:0]]
[2020.12.16-11.12.47:502][  0]LogConfig: Setting CVar [[r.SSGI.Quality:3]]
[2020.12.16-11.12.47:502][  0]LogConfig: Setting CVar [[r.EmitterSpawnRateScale:1.0]]
[2020.12.16-11.12.47:502][  0]LogConfig: Setting CVar [[r.ParticleLightQuality:2]]
[2020.12.16-11.12.47:502][  0]LogConfig: Setting CVar [[r.SkyAtmosphere.AerialPerspectiveLUT.FastApplyOnOpaque:1 ; Always have FastSkyLUT 1 in this case to avoid wrong sky]]
[2020.12.16-11.12.47:502][  0]LogConfig: Setting CVar [[r.SkyAtmosphere.AerialPerspectiveLUT.SampleCountPerSlice:1]]
[2020.12.16-11.12.47:502][  0]LogConfig: Setting CVar [[r.SkyAtmosphere.AerialPerspectiveLUT.DepthResolution:16.0]]
[2020.12.16-11.12.47:502][  0]LogConfig: Setting CVar [[r.SkyAtmosphere.FastSkyLUT:1]]
[2020.12.16-11.12.47:502][  0]LogConfig: Setting CVar [[r.SkyAtmosphere.FastSkyLUT.SampleCountMin:4.0]]
[2020.12.16-11.12.47:502][  0]LogConfig: Setting CVar [[r.SkyAtmosphere.FastSkyLUT.SampleCountMax:32.0]]
[2020.12.16-11.12.47:502][  0]LogConfig: Setting CVar [[r.SkyAtmosphere.SampleCountMin:4.0]]
[2020.12.16-11.12.47:502][  0]LogConfig: Setting CVar [[r.SkyAtmosphere.SampleCountMax:32.0]]
[2020.12.16-11.12.47:502][  0]LogConfig: Setting CVar [[r.SkyAtmosphere.TransmittanceLUT.UseSmallFormat:0]]
[2020.12.16-11.12.47:502][  0]LogConfig: Setting CVar [[r.SkyAtmosphere.TransmittanceLUT.SampleCount:10.0]]
[2020.12.16-11.12.47:502][  0]LogConfig: Setting CVar [[r.SkyAtmosphere.MultiScatteringLUT.SampleCount:15.0]]
[2020.12.16-11.12.47:502][  0]LogConfig: Applying CVar settings from Section [FoliageQuality@3] File [C:/Users/bewha/Desktop/Unreal project/IceCubeGame/Saved/Config/Windows/Scalability.ini]
[2020.12.16-11.12.47:502][  0]LogConfig: Setting CVar [[foliage.DensityScale:1.0]]
[2020.12.16-11.12.47:502][  0]LogConfig: Setting CVar [[grass.DensityScale:1.0]]
[2020.12.16-11.12.47:502][  0]LogConfig: Applying CVar settings from Section [ShadingQuality@3] File [C:/Users/bewha/Desktop/Unreal project/IceCubeGame/Saved/Config/Windows/Scalability.ini]
[2020.12.16-11.12.47:502][  0]LogConfig: Setting CVar [[r.HairStrands.SkyLighting.SampleCount:16]]
[2020.12.16-11.12.47:502][  0]LogConfig: Setting CVar [[r.HairStrands.SkyLighting.JitterIntegration:0]]
[2020.12.16-11.12.47:502][  0]LogConfig: Setting CVar [[r.HairStrands.SkyAO.SampleCount:16]]
[2020.12.16-11.12.47:502][  0]LogConfig: Setting CVar [[r.HairStrands.DeepShadow.SuperSampling:0]]
[2020.12.16-11.12.47:502][  0]LogConfig: Setting CVar [[r.HairStrands.VisibilityPPLL:0]]
[2020.12.16-11.12.47:502][  0]LogConfig: Setting CVar [[r.HairStrands.RasterizationScale:0.5]]
[2020.12.16-11.12.47:502][  0]LogConfig: Setting CVar [[r.HairStrands.VelocityRasterizationScale:1]]
[2020.12.16-11.12.47:503][  0]LogInit: Selected Device Profile: [Windows]
[2020.12.16-11.12.47:503][  0]LogInit: Applying CVar settings loaded from the selected device profile: [Windows]
[2020.12.16-11.12.47:503][  0]LogHAL: Display: Platform has ~ 16 GB [16995201024 / 17179869184 / 16], which maps to Larger [LargestMinGB=32, LargerMinGB=12, DefaultMinGB=8, SmallerMinGB=6, SmallestMinGB=0)
[2020.12.16-11.12.47:503][  0]LogInit: Going up to parent DeviceProfile []
[2020.12.16-11.12.47:503][  0]LogConfig: Applying CVar settings from Section [ViewDistanceQuality@3] File [C:/Users/bewha/Desktop/Unreal project/IceCubeGame/Saved/Config/Windows/Scalability.ini]
[2020.12.16-11.12.47:503][  0]LogConfig: Setting CVar [[r.SkeletalMeshLODBias:0]]
[2020.12.16-11.12.47:503][  0]LogConfig: Setting CVar [[r.ViewDistanceScale:1.0]]
[2020.12.16-11.12.47:503][  0]LogConfig: Applying CVar settings from Section [AntiAliasingQuality@3] File [C:/Users/bewha/Desktop/Unreal project/IceCubeGame/Saved/Config/Windows/Scalability.ini]
[2020.12.16-11.12.47:503][  0]LogConfig: Setting CVar [[r.PostProcessAAQuality:4]]
[2020.12.16-11.12.47:503][  0]LogConfig: Applying CVar settings from Section [ShadowQuality@3] File [C:/Users/bewha/Desktop/Unreal project/IceCubeGame/Saved/Config/Windows/Scalability.ini]
[2020.12.16-11.12.47:503][  0]LogConfig: Setting CVar [[r.LightFunctionQuality:1]]
[2020.12.16-11.12.47:503][  0]LogConfig: Setting CVar [[r.ShadowQuality:5]]
[2020.12.16-11.12.47:503][  0]LogConfig: Setting CVar [[r.Shadow.CSM.MaxCascades:10]]
[2020.12.16-11.12.47:503][  0]LogConfig: Setting CVar [[r.Shadow.MaxResolution:2048]]
[2020.12.16-11.12.47:503][  0]LogConfig: Setting CVar [[r.Shadow.MaxCSMResolution:2048]]
[2020.12.16-11.12.47:503][  0]LogConfig: Setting CVar [[r.Shadow.RadiusThreshold:0.01]]
[2020.12.16-11.12.47:503][  0]LogConfig: Setting CVar [[r.Shadow.DistanceScale:1.0]]
[2020.12.16-11.12.47:503][  0]LogConfig: Setting CVar [[r.Shadow.CSM.TransitionScale:1.0]]
[2020.12.16-11.12.47:503][  0]LogConfig: Setting CVar [[r.Shadow.PreShadowResolutionFactor:1.0]]
[2020.12.16-11.12.47:503][  0]LogConfig: Setting CVar [[r.DistanceFieldShadowing:1]]
[2020.12.16-11.12.47:503][  0]LogConfig: Setting CVar [[r.DistanceFieldAO:1]]
[2020.12.16-11.12.47:503][  0]LogConfig: Setting CVar [[r.AOQuality:2]]
[2020.12.16-11.12.47:503][  0]LogConfig: Setting CVar [[r.VolumetricFog:1]]
[2020.12.16-11.12.47:503][  0]LogConfig: Setting CVar [[r.VolumetricFog.GridPixelSize:8]]
[2020.12.16-11.12.47:503][  0]LogConfig: Setting CVar [[r.VolumetricFog.GridSizeZ:128]]
[2020.12.16-11.12.47:503][  0]LogConfig: Setting CVar [[r.VolumetricFog.HistoryMissSupersampleCount:4]]
[2020.12.16-11.12.47:503][  0]LogConfig: Setting CVar [[r.LightMaxDrawDistanceScale:1]]
[2020.12.16-11.12.47:503][  0]LogConfig: Setting CVar [[r.CapsuleShadows:1]]
[2020.12.16-11.12.47:503][  0]LogConfig: Applying CVar settings from Section [PostProcessQuality@3] File [C:/Users/bewha/Desktop/Unreal project/IceCubeGame/Saved/Config/Windows/Scalability.ini]
[2020.12.16-11.12.47:503][  0]LogConfig: Setting CVar [[r.MotionBlurQuality:4]]
[2020.12.16-11.12.47:503][  0]LogConfig: Setting CVar [[r.AmbientOcclusionMipLevelFactor:0.4]]
[2020.12.16-11.12.47:503][  0]LogConfig: Setting CVar [[r.AmbientOcclusionMaxQuality:100]]
[2020.12.16-11.12.47:503][  0]LogConfig: Setting CVar [[r.AmbientOcclusionLevels:-1]]
[2020.12.16-11.12.47:503][  0]LogConfig: Setting CVar [[r.AmbientOcclusionRadiusScale:1.0]]
[2020.12.16-11.12.47:503][  0]LogConfig: Setting CVar [[r.DepthOfFieldQuality:2]]
[2020.12.16-11.12.47:503][  0]LogConfig: Setting CVar [[r.RenderTargetPoolMin:400]]
[2020.12.16-11.12.47:503][  0]LogConfig: Setting CVar [[r.LensFlareQuality:2]]
[2020.12.16-11.12.47:503][  0]LogConfig: Setting CVar [[r.SceneColorFringeQuality:1]]
[2020.12.16-11.12.47:503][  0]LogConfig: Setting CVar [[r.EyeAdaptationQuality:2]]
[2020.12.16-11.12.47:503][  0]LogConfig: Setting CVar [[r.BloomQuality:5]]
[2020.12.16-11.12.47:503][  0]LogConfig: Setting CVar [[r.FastBlurThreshold:100]]
[2020.12.16-11.12.47:503][  0]LogConfig: Setting CVar [[r.Upscale.Quality:3]]
[2020.12.16-11.12.47:503][  0]LogConfig: Setting CVar [[r.Tonemapper.GrainQuantization:1]]
[2020.12.16-11.12.47:503][  0]LogConfig: Setting CVar [[r.LightShaftQuality:1]]
[2020.12.16-11.12.47:503][  0]LogConfig: Setting CVar [[r.Filter.SizeScale:1]]
[2020.12.16-11.12.47:503][  0]LogConfig: Setting CVar [[r.Tonemapper.Quality:5]]
[2020.12.16-11.12.47:503][  0]LogConfig: Setting CVar [[r.DOF.Gather.AccumulatorQuality:1        ; higher gathering accumulator quality]]
[2020.12.16-11.12.47:503][  0]LogConfig: Setting CVar [[r.DOF.Gather.PostfilterMethod:1          ; Median3x3 postfilering method]]
[2020.12.16-11.12.47:503][  0]LogConfig: Setting CVar [[r.DOF.Gather.EnableBokehSettings:0       ; no bokeh simulation when gathering]]
[2020.12.16-11.12.47:503][  0]LogConfig: Setting CVar [[r.DOF.Gather.RingCount:4                 ; medium number of samples when gathering]]
[2020.12.16-11.12.47:503][  0]LogConfig: Setting CVar [[r.DOF.Scatter.ForegroundCompositing:1    ; additive foreground scattering]]
[2020.12.16-11.12.47:503][  0]LogConfig: Setting CVar [[r.DOF.Scatter.BackgroundCompositing:2    ; additive background scattering]]
[2020.12.16-11.12.47:503][  0]LogConfig: Setting CVar [[r.DOF.Scatter.EnableBokehSettings:1      ; bokeh simulation when scattering]]
[2020.12.16-11.12.47:503][  0]LogConfig: Setting CVar [[r.DOF.Scatter.MaxSpriteRatio:0.1         ; only a maximum of 10% of scattered bokeh]]
[2020.12.16-11.12.47:503][  0]LogConfig: Setting CVar [[r.DOF.Recombine.Quality:1                ; cheap slight out of focus]]
[2020.12.16-11.12.47:504][  0]LogConfig: Setting CVar [[r.DOF.Recombine.EnableBokehSettings:0    ; no bokeh simulation on slight out of focus]]
[2020.12.16-11.12.47:504][  0]LogConfig: Setting CVar [[r.DOF.TemporalAAQuality:1                ; more stable temporal accumulation]]
[2020.12.16-11.12.47:504][  0]LogConfig: Setting CVar [[r.DOF.Kernel.MaxForegroundRadius:0.025]]
[2020.12.16-11.12.47:504][  0]LogConfig: Setting CVar [[r.DOF.Kernel.MaxBackgroundRadius:0.025]]
[2020.12.16-11.12.47:504][  0]LogConfig: Applying CVar settings from Section [TextureQuality@3] File [C:/Users/bewha/Desktop/Unreal project/IceCubeGame/Saved/Config/Windows/Scalability.ini]
[2020.12.16-11.12.47:504][  0]LogConfig: Setting CVar [[r.Streaming.MipBias:0]]
[2020.12.16-11.12.47:504][  0]LogConfig: Setting CVar [[r.Streaming.AmortizeCPUToGPUCopy:0]]
[2020.12.16-11.12.47:504][  0]LogConfig: Setting CVar [[r.Streaming.MaxNumTexturesToStreamPerFrame:0]]
[2020.12.16-11.12.47:504][  0]LogConfig: Setting CVar [[r.Streaming.Boost:1]]
[2020.12.16-11.12.47:504][  0]LogConfig: Setting CVar [[r.MaxAnisotropy:8]]
[2020.12.16-11.12.47:504][  0]LogConfig: Setting CVar [[r.VT.MaxAnisotropy:8]]
[2020.12.16-11.12.47:504][  0]LogConfig: Setting CVar [[r.Streaming.LimitPoolSizeToVRAM:0]]
[2020.12.16-11.12.47:504][  0]LogConfig: Setting CVar [[r.Streaming.PoolSize:1000]]
[2020.12.16-11.12.47:504][  0]LogConfig: Setting CVar [[r.Streaming.MaxEffectiveScreenSize:0]]
[2020.12.16-11.12.47:504][  0]LogConfig: Applying CVar settings from Section [EffectsQuality@3] File [C:/Users/bewha/Desktop/Unreal project/IceCubeGame/Saved/Config/Windows/Scalability.ini]
[2020.12.16-11.12.47:504][  0]LogConfig: Setting CVar [[r.TranslucencyLightingVolumeDim:64]]
[2020.12.16-11.12.47:504][  0]LogConfig: Setting CVar [[r.RefractionQuality:2]]
[2020.12.16-11.12.47:504][  0]LogConfig: Setting CVar [[r.SSR.Quality:3]]
[2020.12.16-11.12.47:504][  0]LogConfig: Setting CVar [[r.SSR.HalfResSceneColor:0]]
[2020.12.16-11.12.47:504][  0]LogConfig: Setting CVar [[r.SceneColorFormat:4]]
[2020.12.16-11.12.47:504][  0]LogConfig: Setting CVar [[r.DetailMode:2]]
[2020.12.16-11.12.47:504][  0]LogConfig: Setting CVar [[r.TranslucencyVolumeBlur:1]]
[2020.12.16-11.12.47:504][  0]LogConfig: Setting CVar [[r.MaterialQualityLevel:1 ; High quality]]
[2020.12.16-11.12.47:504][  0]LogConfig: Setting CVar [[r.SSS.Scale:1]]
[2020.12.16-11.12.47:504][  0]LogConfig: Setting CVar [[r.SSS.SampleSet:2]]
[2020.12.16-11.12.47:504][  0]LogConfig: Setting CVar [[r.SSS.Quality:1]]
[2020.12.16-11.12.47:504][  0]LogConfig: Setting CVar [[r.SSS.HalfRes:0]]
[2020.12.16-11.12.47:504][  0]LogConfig: Setting CVar [[r.SSGI.Quality:3]]
[2020.12.16-11.12.47:504][  0]LogConfig: Setting CVar [[r.EmitterSpawnRateScale:1.0]]
[2020.12.16-11.12.47:504][  0]LogConfig: Setting CVar [[r.ParticleLightQuality:2]]
[2020.12.16-11.12.47:504][  0]LogConfig: Setting CVar [[r.SkyAtmosphere.AerialPerspectiveLUT.FastApplyOnOpaque:1 ; Always have FastSkyLUT 1 in this case to avoid wrong sky]]
[2020.12.16-11.12.47:504][  0]LogConfig: Setting CVar [[r.SkyAtmosphere.AerialPerspectiveLUT.SampleCountPerSlice:1]]
[2020.12.16-11.12.47:504][  0]LogConfig: Setting CVar [[r.SkyAtmosphere.AerialPerspectiveLUT.DepthResolution:16.0]]
[2020.12.16-11.12.47:504][  0]LogConfig: Setting CVar [[r.SkyAtmosphere.FastSkyLUT:1]]
[2020.12.16-11.12.47:504][  0]LogConfig: Setting CVar [[r.SkyAtmosphere.FastSkyLUT.SampleCountMin:4.0]]
[2020.12.16-11.12.47:504][  0]LogConfig: Setting CVar [[r.SkyAtmosphere.FastSkyLUT.SampleCountMax:32.0]]
[2020.12.16-11.12.47:504][  0]LogConfig: Setting CVar [[r.SkyAtmosphere.SampleCountMin:4.0]]
[2020.12.16-11.12.47:504][  0]LogConfig: Setting CVar [[r.SkyAtmosphere.SampleCountMax:32.0]]
[2020.12.16-11.12.47:504][  0]LogConfig: Setting CVar [[r.SkyAtmosphere.TransmittanceLUT.UseSmallFormat:0]]
[2020.12.16-11.12.47:504][  0]LogConfig: Setting CVar [[r.SkyAtmosphere.TransmittanceLUT.SampleCount:10.0]]
[2020.12.16-11.12.47:504][  0]LogConfig: Setting CVar [[r.SkyAtmosphere.MultiScatteringLUT.SampleCount:15.0]]
[2020.12.16-11.12.47:504][  0]LogConfig: Applying CVar settings from Section [FoliageQuality@3] File [C:/Users/bewha/Desktop/Unreal project/IceCubeGame/Saved/Config/Windows/Scalability.ini]
[2020.12.16-11.12.47:504][  0]LogConfig: Setting CVar [[foliage.DensityScale:1.0]]
[2020.12.16-11.12.47:504][  0]LogConfig: Setting CVar [[grass.DensityScale:1.0]]
[2020.12.16-11.12.47:504][  0]LogConfig: Applying CVar settings from Section [ShadingQuality@3] File [C:/Users/bewha/Desktop/Unreal project/IceCubeGame/Saved/Config/Windows/Scalability.ini]
[2020.12.16-11.12.47:504][  0]LogConfig: Setting CVar [[r.HairStrands.SkyLighting.SampleCount:16]]
[2020.12.16-11.12.47:504][  0]LogConfig: Setting CVar [[r.HairStrands.SkyLighting.JitterIntegration:0]]
[2020.12.16-11.12.47:504][  0]LogConfig: Setting CVar [[r.HairStrands.SkyAO.SampleCount:16]]
[2020.12.16-11.12.47:504][  0]LogConfig: Setting CVar [[r.HairStrands.DeepShadow.SuperSampling:0]]
[2020.12.16-11.12.47:504][  0]LogConfig: Setting CVar [[r.HairStrands.VisibilityPPLL:0]]
[2020.12.16-11.12.47:504][  0]LogConfig: Setting CVar [[r.HairStrands.RasterizationScale:0.5]]
[2020.12.16-11.12.47:504][  0]LogConfig: Setting CVar [[r.HairStrands.VelocityRasterizationScale:1]]
[2020.12.16-11.12.47:504][  0]LogConfig: Applying CVar settings from Section [Startup] File [../../../Engine/Config/ConsoleVariables.ini]
[2020.12.16-11.12.47:505][  0]LogConfig: Setting CVar [[net.UseAdaptiveNetUpdateFrequency:0]]
[2020.12.16-11.12.47:505][  0]LogConfig: Setting CVar [[p.chaos.AllowCreatePhysxBodies:1]]
[2020.12.16-11.12.47:505][  0]LogConfig: Setting CVar [[fx.SkipVectorVMBackendOptimizations:1]]
[2020.12.16-11.12.47:505][  0]LogConfig: Applying CVar settings from Section [ConsoleVariables] File [C:/Users/bewha/Desktop/Unreal project/IceCubeGame/Saved/Config/Windows/Engine.ini]
[2020.12.16-11.12.47:505][  0]LogInit: Computer: DESKTOP-B95G0DB
[2020.12.16-11.12.47:505][  0]LogInit: User: bewha
[2020.12.16-11.12.47:505][  0]LogInit: CPU Page size=4096, Cores=4
[2020.12.16-11.12.47:505][  0]LogInit: High frequency timer resolution =10.000000 MHz
[2020.12.16-11.12.47:505][  0]LogMemory: Memory total: Physical=15.8GB (16GB approx)
[2020.12.16-11.12.47:505][  0]LogMemory: Platform Memory Stats for Windows
[2020.12.16-11.12.47:505][  0]LogMemory: Process Physical Memory: 114.01 MB used, 114.02 MB peak
[2020.12.16-11.12.47:505][  0]LogMemory: Process Virtual Memory: 96.08 MB used, 96.08 MB peak
[2020.12.16-11.12.47:505][  0]LogMemory: Physical Memory: 5483.75 MB used,  10724.14 MB free, 16207.89 MB total
[2020.12.16-11.12.47:505][  0]LogMemory: Virtual Memory: 5144.90 MB used,  134212584.00 MB free, 134217728.00 MB total
[2020.12.16-11.12.47:512][  0]LogWindows: WindowsPlatformFeatures enabled
[2020.12.16-11.12.47:583][  0]LogInit: Physics initialised using underlying interface: PhysX
[2020.12.16-11.12.47:584][  0]LogInit: Using OS detected language (en-US).
[2020.12.16-11.12.47:584][  0]LogInit: Using OS detected locale (en-US).
[2020.12.16-11.12.47:588][  0]LogTextLocalizationManager: No specific localization for 'en-US' exists, so the 'en' localization will be used.
[2020.12.16-11.12.47:856][  0]LogInit: Setting process to per monitor DPI aware
[2020.12.16-11.12.47:905][  0]LogSlate: New Slate User Created.  User Index 0, Is Virtual User: 0
[2020.12.16-11.12.47:905][  0]LogSlate: Slate User Registered.  User Index 0, Is Virtual User: 0
[2020.12.16-11.12.48:122][  0]LogHMD: Failed to initialize OpenVR with code 110
[2020.12.16-11.12.48:123][  0]LogD3D11RHI: D3D11 min allowed feature level: 11_0
[2020.12.16-11.12.48:123][  0]LogD3D11RHI: D3D11 max allowed feature level: 11_0
[2020.12.16-11.12.48:123][  0]LogD3D11RHI: D3D11 adapters:
[2020.12.16-11.12.48:259][  0]LogD3D11RHI:    0. 'NVIDIA GeForce GTX 1050' (Feature Level 11_0)
[2020.12.16-11.12.48:259][  0]LogD3D11RHI:       1979/0/8103 MB DedicatedVideo/DedicatedSystem/SharedSystem, Outputs:1, VendorId:0x10de
[2020.12.16-11.12.48:272][  0]LogD3D11RHI:    1. 'Intel(R) HD Graphics 630' (Feature Level 11_0)
[2020.12.16-11.12.48:272][  0]LogD3D11RHI:       128/0/8103 MB DedicatedVideo/DedicatedSystem/SharedSystem, Outputs:0, VendorId:0x8086
[2020.12.16-11.12.48:275][  0]LogD3D11RHI:    2. 'Microsoft Basic Render Driver' (Feature Level 11_0)
[2020.12.16-11.12.48:275][  0]LogD3D11RHI:       0/0/8103 MB DedicatedVideo/DedicatedSystem/SharedSystem, Outputs:0, VendorId:0x1414
[2020.12.16-11.12.48:275][  0]LogD3D11RHI: Chosen D3D11 Adapter: 0
[2020.12.16-11.12.48:283][  0]LogD3D11RHI: Creating new Direct3DDevice
[2020.12.16-11.12.48:283][  0]LogD3D11RHI:     GPU DeviceId: 0x1c8d (for the marketing name, search the web for "GPU Device Id")
[2020.12.16-11.12.48:283][  0]LogWindows: EnumDisplayDevices:
[2020.12.16-11.12.48:283][  0]LogWindows:    0. 'Intel(R) HD Graphics 630' (P:1 D:1)
[2020.12.16-11.12.48:284][  0]LogWindows:    1. 'Intel(R) HD Graphics 630' (P:0 D:0)
[2020.12.16-11.12.48:284][  0]LogWindows:    2. 'Intel(R) HD Graphics 630' (P:0 D:0)
[2020.12.16-11.12.48:284][  0]LogWindows: DebugString: PrimaryIsNotTheChoosenAdapter PrimaryIsNotTheChoosenAdapter PrimaryIsNotTheChoosenAdapter FoundDriverCount:0 
[2020.12.16-11.12.48:284][  0]LogD3D11RHI:     Adapter Name: NVIDIA GeForce GTX 1050
[2020.12.16-11.12.48:284][  0]LogD3D11RHI:   Driver Version: Unknown (internal:Unknown, unified:Unknown)
[2020.12.16-11.12.48:284][  0]LogD3D11RHI:      Driver Date: Unknown
[2020.12.16-11.12.48:284][  0]LogRHI: Texture pool is 1385 MB (70% of 1979 MB)
[2020.12.16-11.12.48:391][  0]LogD3D11RHI: RHI has support for 64 bit atomics
[2020.12.16-11.12.48:391][  0]LogD3D11RHI: Async texture creation enabled
[2020.12.16-11.12.48:391][  0]LogD3D11RHI: Array index from any shader is supported
[2020.12.16-11.12.48:410][  0]LogD3D11RHI: GPU Timing Frequency: 1000.000000 (Debug: 2 1)
[2020.12.16-11.12.48:777][  0]LogTargetPlatformManager: Display: Loaded TargetPlatform 'AllDesktop'
[2020.12.16-11.12.48:808][  0]LogTargetPlatformManager: Display: Loaded TargetPlatform 'Android'
[2020.12.16-11.12.48:808][  0]LogTargetPlatformManager: Display: Loaded TargetPlatform 'Android_ASTC'
[2020.12.16-11.12.48:808][  0]LogTargetPlatformManager: Display: Loaded TargetPlatform 'Android_DXT'
[2020.12.16-11.12.48:808][  0]LogTargetPlatformManager: Display: Loaded TargetPlatform 'Android_ETC2'
[2020.12.16-11.12.48:808][  0]LogTargetPlatformManager: Display: Loaded TargetPlatform 'AndroidClient'
[2020.12.16-11.12.48:808][  0]LogTargetPlatformManager: Display: Loaded TargetPlatform 'Android_ASTCClient'
[2020.12.16-11.12.48:808][  0]LogTargetPlatformManager: Display: Loaded TargetPlatform 'Android_DXTClient'
[2020.12.16-11.12.48:808][  0]LogTargetPlatformManager: Display: Loaded TargetPlatform 'Android_ETC2Client'
[2020.12.16-11.12.48:808][  0]LogTargetPlatformManager: Display: Loaded TargetPlatform 'Android_Multi'
[2020.12.16-11.12.48:808][  0]LogTargetPlatformManager: Display: Loaded TargetPlatform 'Android_MultiClient'
[2020.12.16-11.12.48:837][  0]LogTargetPlatformManager: Display: Loaded TargetPlatform 'IOSClient'
[2020.12.16-11.12.48:837][  0]LogTargetPlatformManager: Display: Loaded TargetPlatform 'IOS'
[2020.12.16-11.12.48:851][  0]LogTargetPlatformManager: Display: Loaded TargetPlatform 'Linux'
[2020.12.16-11.12.48:862][  0]LogTargetPlatformManager: Display: Loaded TargetPlatform 'LinuxNoEditor'
[2020.12.16-11.12.48:873][  0]LogTargetPlatformManager: Display: Loaded TargetPlatform 'LinuxClient'
[2020.12.16-11.12.48:886][  0]LogTargetPlatformManager: Display: Loaded TargetPlatform 'LinuxServer'
[2020.12.16-11.12.48:897][  0]LogTargetPlatformManager: Display: Loaded TargetPlatform 'LinuxAArch64NoEditor'
[2020.12.16-11.12.48:909][  0]LogTargetPlatformManager: Display: Loaded TargetPlatform 'LinuxAArch64Client'
[2020.12.16-11.12.48:921][  0]LogTargetPlatformManager: Display: Loaded TargetPlatform 'LinuxAArch64Server'
[2020.12.16-11.12.48:957][  0]LogTargetPlatformManager: Display: Loaded TargetPlatform 'Lumin'
[2020.12.16-11.12.48:957][  0]LogTargetPlatformManager: Display: Loaded TargetPlatform 'LuminClient'
[2020.12.16-11.12.48:978][  0]LogTargetPlatformManager: Display: Loaded TargetPlatform 'TVOSClient'
[2020.12.16-11.12.48:978][  0]LogTargetPlatformManager: Display: Loaded TargetPlatform 'TVOS'
[2020.12.16-11.12.48:989][  0]LogTargetPlatformManager: Display: Loaded TargetPlatform 'WindowsNoEditor'
[2020.12.16-11.12.49:000][  0]LogTargetPlatformManager: Display: Loaded TargetPlatform 'Windows'
[2020.12.16-11.12.49:012][  0]LogTargetPlatformManager: Display: Loaded TargetPlatform 'WindowsClient'
[2020.12.16-11.12.49:024][  0]LogTargetPlatformManager: Display: Loaded TargetPlatform 'WindowsServer'
[2020.12.16-11.12.49:025][  0]LogTargetPlatformManager: Display: Building Assets For Windows
[2020.12.16-11.12.49:033][  0]LogAudioDebug: Display: Lib vorbis DLL was dynamically loaded.
[2020.12.16-11.12.49:108][  0]LogShaderCompilers: Guid format shader working directory is -19 characters bigger than the processId version (../../../../../../Users/bewha/Desktop/Unreal project/IceCubeGame/Intermediate/Shaders/WorkingDirectory/15268/).
[2020.12.16-11.12.49:109][  0]LogShaderCompilers: Cleaned the shader compiler working directory 'C:/Users/bewha/AppData/Local/Temp/UnrealShaderWorkingDir/E157A165468E08942088EEA6903017C0/'.
[2020.12.16-11.12.49:109][  0]LogXGEController: Cleaning working directory: C:/Users/bewha/AppData/Local/Temp/UnrealXGEWorkingDir/
[2020.12.16-11.12.49:110][  0]LogXGEController: Cannot use XGE Controller as Incredibuild is not installed on this machine.
[2020.12.16-11.12.49:110][  0]LogShaderCompilers: Cannot use XGE Shader Compiler as Incredibuild is not installed on this machine.
[2020.12.16-11.12.49:110][  0]LogShaderCompilers: Display: Using Local Shader Compiler.
[2020.12.16-11.12.50:089][  0]LogDerivedDataCache: Display: Max Cache Size: 512 MB
[2020.12.16-11.12.50:154][  0]LogDerivedDataCache: Loaded boot cache 0.07s 75MB C:/Users/bewha/AppData/Local/UnrealEngine/4.25/DerivedDataCache/Boot.ddc.
[2020.12.16-11.12.50:154][  0]LogDerivedDataCache: Display: Loaded Boot cache: C:/Users/bewha/AppData/Local/UnrealEngine/4.25/DerivedDataCache/Boot.ddc
[2020.12.16-11.12.50:154][  0]LogDerivedDataCache: FDerivedDataBackendGraph:  Pak pak cache file ../../../../../../Users/bewha/Desktop/Unreal project/IceCubeGame/DerivedDataCache/DDC.ddp not found, will not use a pak cache.
[2020.12.16-11.12.50:154][  0]LogDerivedDataCache: Unable to find inner node Pak for hierarchical cache Hierarchy.
[2020.12.16-11.12.50:155][  0]LogDerivedDataCache: FDerivedDataBackendGraph:  CompressedPak pak cache file ../../../../../../Users/bewha/Desktop/Unreal project/IceCubeGame/DerivedDataCache/Compressed.ddp not found, will not use a pak cache.
[2020.12.16-11.12.50:155][  0]LogDerivedDataCache: Unable to find inner node CompressedPak for hierarchical cache Hierarchy.
[2020.12.16-11.12.50:168][  0]LogDerivedDataCache: Display: Pak cache opened for reading ../../../Engine/DerivedDataCache/Compressed.ddp.
[2020.12.16-11.12.50:168][  0]LogDerivedDataCache: FDerivedDataBackendGraph:  EnterprisePak pak cache file ../../../Enterprise/DerivedDataCache/Compressed.ddp not found, will not use a pak cache.
[2020.12.16-11.12.50:168][  0]LogDerivedDataCache: Unable to find inner node EnterprisePak for hierarchical cache Hierarchy.
[2020.12.16-11.12.50:169][  0]LogDerivedDataCache: Using Local data cache path C:/Users/bewha/AppData/Local/UnrealEngine/Common/DerivedDataCache: Writable
[2020.12.16-11.12.50:169][  0]LogDerivedDataCache: Shared data cache path not found in *engine.ini, will not use an Shared cache.
[2020.12.16-11.12.50:169][  0]LogDerivedDataCache: Unable to find inner node Shared for hierarchical cache Hierarchy.
[2020.12.16-11.12.50:238][  0]LogSlate: Using FreeType 2.10.0
[2020.12.16-11.12.50:238][  0]LogSlate: SlateFontServices - WITH_FREETYPE: 1, WITH_HARFBUZZ: 1
[2020.12.16-11.12.50:271][  0]LogAssetRegistry: FAssetRegistry took 0.0036 seconds to start up
[2020.12.16-11.12.50:571][  0]LogInit: Selected Device Profile: [Windows]
[2020.12.16-11.12.50:712][  0]LogMeshReduction: Using QuadricMeshReduction for automatic static mesh reduction
[2020.12.16-11.12.50:712][  0]LogMeshReduction: Using SimplygonMeshReduction for automatic skeletal mesh reduction
[2020.12.16-11.12.50:712][  0]LogMeshReduction: Using ProxyLODMeshReduction for automatic mesh merging
[2020.12.16-11.12.50:712][  0]LogMeshReduction: No distributed automatic mesh merging module available
[2020.12.16-11.12.50:712][  0]LogMeshMerging: No distributed automatic mesh merging module available
[2020.12.16-11.12.50:732][  0]LogNetVersion: IceCubeGame 1.0.0, NetCL: 13144385, EngineNetVer: 14, GameNetVer: 0 (Checksum: 472603815)
[2020.12.16-11.12.51:290][  0]LogAISub: UAISubsystem::UAISubsystem AISubsystem (000002071D640340), frame # 0
[2020.12.16-11.12.51:290][  0]LogAISub: UAISubsystem::UAISubsystem AIPerceptionSystem (000002071D573740), frame # 0
[2020.12.16-11.12.51:291][  0]LogAISub: UAISubsystem::UAISubsystem EnvQueryManager (000002071D5C9E00), frame # 0
[2020.12.16-11.12.51:378][  0]LogPackageLocalizationCache: Processed 19 localized package path(s) for 1 prioritized culture(s) in 0.077829 seconds
[2020.12.16-11.12.51:384][  0]LogUObjectArray: 15917 objects as part of root set at end of initial load.
[2020.12.16-11.12.51:385][  0]LogUObjectAllocator: 3965568 out of 0 bytes used by permanent object pool.
[2020.12.16-11.12.51:385][  0]LogUObjectArray: CloseDisregardForGC: 0/0 objects in disregard for GC pool
[2020.12.16-11.12.51:790][  0]LogTcpMessaging: Initializing TcpMessaging bridge
[2020.12.16-11.12.51:797][  0]LogUdpMessaging: Initializing bridge on interface 0.0.0.0:0 to multicast group 230.0.0.1:6666.
[2020.12.16-11.12.51:895][  0]SourceControl: Source control is disabled
[2020.12.16-11.12.51:895][  0]SourceControl: Source control is disabled
[2020.12.16-11.12.51:900][  0]SourceControl: Source control is disabled
[2020.12.16-11.12.51:903][  0]SourceControl: Source control is disabled
[2020.12.16-11.12.51:913][  0]SourceControl: Source control is disabled
[2020.12.16-11.12.52:249][  0]LogAndroidPermission: UAndroidPermissionCallbackProxy::GetInstance
[2020.12.16-11.12.52:274][  0]LogAudioCaptureCore: Display: No Audio Capture implementations found. Audio input will be silent.
[2020.12.16-11.12.52:274][  0]LogAudioCaptureCore: Display: No Audio Capture implementations found. Audio input will be silent.
[2020.12.16-11.12.52:338][  0]LogOcInput: OculusInput pre-init called
[2020.12.16-11.12.52:353][  0]LogWindows: Failed to load 'OVRPlugin.dll' (GetLastError=126)
[2020.12.16-11.12.52:354][  0]LogWindows: File 'OVRPlugin.dll' does not exist
[2020.12.16-11.12.52:426][  0]LogEngine: Initializing Engine...
[2020.12.16-11.12.52:427][  0]LogHMD: Failed to initialize OpenVR with code 110
[2020.12.16-11.12.52:427][  0]LogMagicLeap: Warning: VR disabled because ZI is not enabled.  To enable, in the editor, Edit -> Project Settings -> Plugins -> Magic Leap Plugin -> Enable Zero Iteration
[2020.12.16-11.12.52:428][  0]LogStats: UGameplayTagsManager::InitializeManager -  0.000 s
[2020.12.16-11.12.52:575][  0]LogInit: Initializing FReadOnlyCVARCache
[2020.12.16-11.12.52:583][  0]LogAIModule: Creating AISystem for world Untitled
[2020.12.16-11.12.52:583][  0]LogAISub: UAISubsystem::UAISubsystem EnvQueryManager (000002071FAFFC00), frame # 0
[2020.12.16-11.12.52:583][  0]LogAISub: UAISubsystem::UAISubsystem AIPerceptionSystem (000002071FBAA480), frame # 0
[2020.12.16-11.12.52:606][  0]LogAudioMixer: Display: Audio Mixer Platform Settings:
[2020.12.16-11.12.52:607][  0]LogAudioMixer: Display: 	Sample Rate:						  48000
[2020.12.16-11.12.52:607][  0]LogAudioMixer: Display: 	Callback Buffer Frame Size Requested: 1024
[2020.12.16-11.12.52:607][  0]LogAudioMixer: Display: 	Callback Buffer Frame Size To Use:	  1024
[2020.12.16-11.12.52:607][  0]LogAudioMixer: Display: 	Number of buffers to queue:			  2
[2020.12.16-11.12.52:607][  0]LogAudioMixer: Display: 	Max Channels (voices):				  32
[2020.12.16-11.12.52:607][  0]LogAudioMixer: Display: 	Number of Async Source Workers:		  0
[2020.12.16-11.12.52:607][  0]LogAudio: Display: AudioDevice MaxSources: 32
[2020.12.16-11.12.52:607][  0]LogAudio: Display: Using built-in audio occlusion.
[2020.12.16-11.12.52:607][  0]LogAudioMixer: Display: Initializing audio mixer.
[2020.12.16-11.12.52:640][  0]LogAudioMixer: Display: 0: FrontLeft
[2020.12.16-11.12.52:640][  0]LogAudioMixer: Display: 1: FrontRight
[2020.12.16-11.12.52:740][  0]LogAudioMixer: Display: Using Audio Device Speakers (Realtek High Definition Audio)
[2020.12.16-11.12.52:742][  0]LogAudioMixer: Display: Initializing Sound Submixes...
[2020.12.16-11.12.52:745][  0]LogAudioMixer: Display: Creating Master Submix 'MasterSubmixDefault'
[2020.12.16-11.12.52:745][  0]LogAudioMixer: Display: Creating Master Submix 'MasterReverbSubmixDefault'
[2020.12.16-11.12.52:746][  0]LogAudioMixer: Display: Creating Master Submix 'MasterEQSubmixDefault'
[2020.12.16-11.12.52:747][  0]LogInit: FAudioDevice initialized.
[2020.12.16-11.12.52:748][  0]LogNetVersion: Set ProjectVersion to 1.0.0.0. Version Checksum will be recalculated on next use.
[2020.12.16-11.12.52:800][  0]LogDerivedDataCache: Saved boot cache 0.05s 75MB C:/Users/bewha/AppData/Local/UnrealEngine/4.25/DerivedDataCache/Boot.ddc.
[2020.12.16-11.12.52:805][  0]LogInit: Texture streaming: Enabled
[2020.12.16-11.12.52:823][  0]LogEngineSessionManager: EngineSessionManager initialized
[2020.12.16-11.12.52:823][  0]LogEditorSessionSummary: Verbose: Initializing EditorSessionSummaryWriter for editor session tracking
[2020.12.16-11.12.52:825][  0]LogEditorSessionSummary: EditorSessionSummaryWriter initialized
[2020.12.16-11.12.52:897][  0]LogInit: Transaction tracking system initialized
[2020.12.16-11.12.52:921][  0]BlueprintLog: New page: Editor Load
[2020.12.16-11.12.53:010][  0]LocalizationService: Localization service is disabled
[2020.12.16-11.12.53:200][  0]LogCook: Display: Max memory allowance for cook 16384mb min free memory 0mb
[2020.12.16-11.12.53:201][  0]LogCook: Display: Mobile HDR setting 1
[2020.12.16-11.12.53:351][  0]LogFileCache: Scanning file cache for directory 'C:/Users/bewha/Desktop/Unreal project/IceCubeGame/Content/' took 0.01s
[2020.12.16-11.12.53:632][  0]SourceControl: Source control is disabled
[2020.12.16-11.12.53:632][  0]LogUnrealEdMisc: Loading editor; pre map load, took 8.327
[2020.12.16-11.12.53:632][  0]Cmd: MAP LOAD FILE="../../../../../../Users/bewha/Desktop/Unreal project/IceCubeGame/Content/ThirdPersonBP/Maps/ThirdPersonExampleMap.umap" TEMPLATE=0 SHOWPROGRESS=1 FEATURELEVEL=3
[2020.12.16-11.12.53:640][  0]LightingResults: New page: Lighting Build
[2020.12.16-11.12.53:641][  0]LogWorld: UWorld::CleanupWorld for Untitled, bSessionEnded=true, bCleanupResources=true
[2020.12.16-11.12.53:641][  0]LogSlate: InvalidateAllWidgets triggered.  All widgets were invalidated
[2020.12.16-11.12.53:641][  0]MapCheck: New page: Map Check
[2020.12.16-11.12.53:641][  0]LightingResults: New page: Lighting Build
[2020.12.16-11.12.53:653][  0]LogAISub: UAISubsystem::~UAISubsystem EnvQueryManager (000002071FAFFC00), frame # 0
[2020.12.16-11.12.53:653][  0]LogAISub: UAISubsystem::~UAISubsystem AIPerceptionSystem (000002071FBAA480), frame # 0
[2020.12.16-11.12.53:654][  0]LogUObjectHash: Compacting FUObjectHashTables data took   1.27ms
[2020.12.16-11.12.54:285][  0]LogAIModule: Creating AISystem for world ThirdPersonExampleMap
[2020.12.16-11.12.54:285][  0]LogAISub: UAISubsystem::UAISubsystem EnvQueryManager (000002070F3B3E00), frame # 0
[2020.12.16-11.12.54:285][  0]LogAISub: UAISubsystem::UAISubsystem AIPerceptionSystem (000002070F40CE00), frame # 0
[2020.12.16-11.12.54:293][  0]LogEditorServer: Finished looking for orphan Actors (0.000 secs)
[2020.12.16-11.12.54:308][  0]LogUObjectHash: Compacting FUObjectHashTables data took   1.04ms
[2020.12.16-11.12.54:308][  0]Cmd: MAP CHECKDEP NOCLEARLOG
[2020.12.16-11.12.54:309][  0]MapCheck: Map check complete: 0 Error(s), 0 Warning(s), took 0.19ms to complete.
[2020.12.16-11.12.54:309][  0]LogFileHelpers: Loading map 'ThirdPersonExampleMap' took 0.676
[2020.12.16-11.12.54:311][  0]LogUnrealEdMisc: Total Editor Startup Time, took 9.005
[2020.12.16-11.12.54:454][  0]LogSlate: Updating window title bar state: overlay mode, drag disabled, window buttons hidden, title bar hidden
[2020.12.16-11.12.54:463][  0]LogSlate: Updating window title bar state: overlay mode, drag disabled, window buttons hidden, title bar hidden
[2020.12.16-11.12.54:472][  0]LogSlate: Updating window title bar state: overlay mode, drag disabled, window buttons hidden, title bar hidden
[2020.12.16-11.12.54:482][  0]LogSlate: Updating window title bar state: overlay mode, drag disabled, window buttons hidden, title bar hidden
[2020.12.16-11.12.54:491][  0]LogCollectionManager: Loaded 0 collections in 0.003268 seconds
[2020.12.16-11.12.54:508][  0]LogFileCache: Scanning file cache for directory 'C:/Users/bewha/Desktop/Unreal project/IceCubeGame/Saved/Collections/' took 0.00s
[2020.12.16-11.12.54:508][  0]LogFileCache: Scanning file cache for directory 'C:/Users/bewha/Desktop/Unreal project/IceCubeGame/Content/Developers/bewha/Collections/' took 0.00s
[2020.12.16-11.12.54:508][  0]LogFileCache: Scanning file cache for directory 'C:/Users/bewha/Desktop/Unreal project/IceCubeGame/Content/Collections/' took 0.00s
[2020.12.16-11.12.54:508][  0]LogContentBrowser: Native class hierarchy populated in 0.0113 seconds. Added 3427 classes and 821 folders.
[2020.12.16-11.12.54:511][  0]LogContentBrowser: Native class hierarchy updated for 'WidgetCarousel' in 0.0003 seconds. Added 0 classes and 0 folders.
[2020.12.16-11.12.54:574][  0]LogContentBrowser: Native class hierarchy updated for 'AddContentDialog' in 0.0003 seconds. Added 0 classes and 0 folders.
[2020.12.16-11.12.54:575][  0]LogContentBrowser: Native class hierarchy updated for 'SceneOutliner' in 0.0003 seconds. Added 2 classes and 0 folders.
[2020.12.16-11.12.54:628][  0]LogSlate: Took 0.000290 seconds to synchronously load lazily loaded font '../../../Engine/Content/Slate/Fonts/Roboto-Regular.ttf' (155K)
[2020.12.16-11.12.54:631][  0]LogSlate: Took 0.000376 seconds to synchronously load lazily loaded font '../../../Engine/Content/Slate/Fonts/Roboto-Bold.ttf' (160K)
[2020.12.16-11.12.54:638][  0]LogSlate: Took 0.000267 seconds to synchronously load lazily loaded font '../../../Engine/Content/Editor/Slate/Fonts/FontAwesome.ttf' (139K)
[2020.12.16-11.12.54:737][  0]LogRenderer: Reallocating scene render targets to support 1384x676 Format 10 NumSamples 1 (Frame:1).
[2020.12.16-11.12.54:954][  0]LogContentBrowser: Native class hierarchy updated for 'HierarchicalLODOutliner' in 0.0004 seconds. Added 0 classes and 0 folders.
[2020.12.16-11.12.54:954][  0]LogLoad: (Engine Initialization) Total time: 9.65 seconds
[2020.12.16-11.12.54:954][  0]LogLoad: (Engine Initialization) Total Blueprint compile time: 0.00 seconds
[2020.12.16-11.12.55:023][  0]LogAssetRegistry: Asset discovery search completed in 4.7517 seconds
[2020.12.16-11.12.55:029][  0]LogCollectionManager: Fixed up redirectors for 0 collections in 0.000004 seconds (updated 0 objects)
[2020.12.16-11.12.55:031][  0]LogContentStreaming: Texture pool size now 1000 MB
[2020.12.16-11.13.21:712][582]LogSlate: Took 0.007923 seconds to synchronously load lazily loaded font '../../../Engine/Content/Slate/Fonts/Roboto-Light.ttf' (167K)
[2020.12.16-11.13.23:559][582]LogSlate: Window 'Pick Parent Class' being destroyed
[2020.12.16-11.13.33:559][156]LogAssetEditorSubsystem: Opening Asset editor for Blueprint /Game/ThirdPersonBP/Blueprints/BasePickUp.BasePickUp
[2020.12.16-11.13.34:195][156]LogContentBrowser: Native class hierarchy updated for 'BlueprintGraph' in 0.0007 seconds. Added 125 classes and 0 folders.
[2020.12.16-11.13.40:175][352]LogSlate: Took 0.000707 seconds to synchronously load lazily loaded font '../../../Engine/Content/Slate/Fonts/Roboto-BoldCondensed.ttf' (158K)
[2020.12.16-11.13.51:316][975]LogSlate: Took 0.018700 seconds to synchronously load lazily loaded font '../../../Engine/Content/Slate/Fonts/Roboto-Italic.ttf' (157K)
[2020.12.16-11.14.27:537][558]LogSavePackage: Moving '../../../../../../Users/bewha/Desktop/Unreal project/IceCubeGame/Saved/BasePickUp46DA8C3644E84A1527D2DAB666D21668.tmp' to '../../../../../../Users/bewha/Desktop/Unreal project/IceCubeGame/Content/ThirdPersonBP/Blueprints/BasePickUp.uasset'
[2020.12.16-11.14.27:562][558]AssetCheck: New page: Asset Save: BasePickUp
[2020.12.16-11.14.27:562][558]LogContentValidation: Display: Validating Blueprint /Game/ThirdPersonBP/Blueprints/BasePickUp.BasePickUp
[2020.12.16-11.14.30:474][681]LogSlate: Window 'BasePickUp' being destroyed
[2020.12.16-11.14.30:484][681]LogSlate: Window 'BasePickUp' being destroyed
[2020.12.16-11.14.30:513][681]LogWorld: UWorld::CleanupWorld for World_1, bSessionEnded=true, bCleanupResources=true
[2020.12.16-11.14.30:513][681]LogSlate: InvalidateAllWidgets triggered.  All widgets were invalidated
[2020.12.16-11.14.34:870][900]LogAssetEditorSubsystem: Opening Asset editor for Blueprint /Game/ThirdPersonBP/Blueprints/BasePickUp.BasePickUp
[2020.12.16-11.15.27:444][285]LogSavePackage: Moving '../../../../../../Users/bewha/Desktop/Unreal project/IceCubeGame/Saved/BasePickUp573F568F4BEB535312625DA8C7A8290E.tmp' to '../../../../../../Users/bewha/Desktop/Unreal project/IceCubeGame/Content/ThirdPersonBP/Blueprints/BasePickUp.uasset'
[2020.12.16-11.15.27:467][285]AssetCheck: New page: Asset Save: BasePickUp
[2020.12.16-11.15.27:467][285]LogContentValidation: Display: Validating Blueprint /Game/ThirdPersonBP/Blueprints/BasePickUp.BasePickUp
[2020.12.16-11.19.56:817][ 34]LogSlate: Took 0.007861 seconds to synchronously load lazily loaded font '../../../Engine/Content/Slate/Fonts/Roboto-BoldCondensedItalic.ttf' (160K)
[2020.12.16-11.21.47:582][681]LogSavePackage: Moving '../../../../../../Users/bewha/Desktop/Unreal project/IceCubeGame/Saved/BasePickUpD921E1414E0CB18F0DFA578C136038E1.tmp' to '../../../../../../Users/bewha/Desktop/Unreal project/IceCubeGame/Content/ThirdPersonBP/Blueprints/BasePickUp.uasset'
[2020.12.16-11.21.47:603][681]AssetCheck: New page: Asset Save: BasePickUp
[2020.12.16-11.21.47:603][681]LogContentValidation: Display: Validating Blueprint /Game/ThirdPersonBP/Blueprints/BasePickUp.BasePickUp
[2020.12.16-11.22.49:463][272]LogSavePackage: Moving '../../../../../../Users/bewha/Desktop/Unreal project/IceCubeGame/Saved/BasePickUpB1116C5D4263ED5D47D8EB9BA299781A.tmp' to '../../../../../../Users/bewha/Desktop/Unreal project/IceCubeGame/Content/ThirdPersonBP/Blueprints/BasePickUp.uasset'
[2020.12.16-11.22.49:481][272]AssetCheck: New page: Asset Save: BasePickUp
[2020.12.16-11.22.49:481][272]LogContentValidation: Display: Validating Blueprint /Game/ThirdPersonBP/Blueprints/BasePickUp.BasePickUp
[2020.12.16-11.22.50:979][334]LogSlate: Window 'BasePickUp' being destroyed
[2020.12.16-11.22.50:989][334]LogSlate: Window 'BasePickUp' being destroyed
[2020.12.16-11.22.51:015][334]LogWorld: UWorld::CleanupWorld for World_5, bSessionEnded=true, bCleanupResources=true
[2020.12.16-11.22.51:015][334]LogSlate: InvalidateAllWidgets triggered.  All widgets were invalidated
[2020.12.16-11.23.07:510][252]LogAssetEditorSubsystem: Opening Asset editor for Material /Game/StarterContent/Materials/M_Ground_Moss.M_Ground_Moss
[2020.12.16-11.23.07:516][252]LogMaterial: Display: Missing cached shader map for material M_Ground_Moss, compiling. 
[2020.12.16-11.23.07:999][252]LogMaterial: Display: Missing cached shader map for material M_Ground_Moss, compiling. 
[2020.12.16-11.23.08:019][252]LogShaderCompilers: Display: Worker (1/5): shaders left to compile 11
[2020.12.16-11.23.08:019][252]LogShaderCompilers: Display: Worker (2/5): shaders left to compile 10
[2020.12.16-11.23.08:019][252]LogShaderCompilers: Display: Worker (3/5): shaders left to compile 9
[2020.12.16-11.23.08:019][252]LogShaderCompilers: Display: Worker (4/5): shaders left to compile 8
[2020.12.16-11.23.08:021][252]LogMaterial: Display: Missing cached shader map for material FMatExpressionPreview MaterialExpressionTextureSample_1, compiling. 
[2020.12.16-11.23.08:027][252]LogMaterial: Display: Missing cached shader map for material FMatExpressionPreview MaterialExpressionTextureSample_4, compiling. 
[2020.12.16-11.23.08:033][252]LogMaterial: Display: Missing cached shader map for material FMatExpressionPreview MaterialExpressionTextureSample_12, compiling. 
[2020.12.16-11.23.08:037][252]LogMaterial: Display: Missing cached shader map for material FMatExpressionPreview MaterialExpressionConstant3Vector_5, compiling. 
[2020.12.16-11.23.08:042][252]LogMaterial: Display: Missing cached shader map for material FMatExpressionPreview MaterialExpressionTextureSample_13, compiling. 
[2020.12.16-11.23.08:046][252]LogMaterial: Display: Missing cached shader map for material FMatExpressionPreview MaterialExpressionTextureSample_14, compiling. 
[2020.12.16-11.23.08:051][252]LogMaterial: Display: Missing cached shader map for material FMatExpressionPreview MaterialExpressionTextureSample_15, compiling. 
[2020.12.16-11.23.10:440][331]LogShaderCompilers: Display: Worker (4/5): shaders left to compile 35
[2020.12.16-11.23.11:179][355]LogShaderCompilers: Display: Worker (3/5): shaders left to compile 34
[2020.12.16-11.23.11:472][365]LogShaderCompilers: Display: Worker (2/5): shaders left to compile 33
[2020.12.16-11.23.11:558][368]LogShaderCompilers: Display: Worker (1/5): shaders left to compile 32
[2020.12.16-11.23.12:328][394]LogShaderCompilers: Display: Worker (4/5): shaders left to compile 31
[2020.12.16-11.23.12:493][400]LogShaderCompilers: Display: Worker (1/5): shaders left to compile 30
[2020.12.16-11.23.12:893][414]LogShaderCompilers: Display: Worker (3/5): shaders left to compile 29
[2020.12.16-11.23.13:270][427]LogShaderCompilers: Display: Worker (2/5): shaders left to compile 28
[2020.12.16-11.23.13:853][447]LogShaderCompilers: Display: Worker (3/5): shaders left to compile 27
[2020.12.16-11.23.14:077][455]LogShaderCompilers: Display: Worker (4/5): shaders left to compile 26
[2020.12.16-11.23.14:106][456]LogShaderCompilers: Display: Worker (1/5): shaders left to compile 25
[2020.12.16-11.23.14:144][457]MaterialEditorStats: Base pass shader: 159 instructions
[2020.12.16-11.23.14:144][457]MaterialEditorStats: Base pass shader with Surface Lightmap: 186 instructions
[2020.12.16-11.23.14:144][457]MaterialEditorStats: Base pass shader with Volumetric Lightmap: 233 instructions
[2020.12.16-11.23.14:144][457]MaterialEditorStats: Base pass vertex shader: 44 instructions
[2020.12.16-11.23.14:144][457]MaterialEditorStats: Texture samplers: 6/16
[2020.12.16-11.23.14:144][457]MaterialEditorStats: Texture Lookups (Est.): VS(0), PS(6)
[2020.12.16-11.23.14:144][457]MaterialEditorStats: User interpolators: 2/4 Scalars (1/4 Vectors) (TexCoords: 2, Custom: 0)
[2020.12.16-11.23.14:197][459]LogShaderCompilers: Display: Worker (2/5): shaders left to compile 24
[2020.12.16-11.23.15:027][487]LogShaderCompilers: Display: Worker (3/5): shaders left to compile 23
[2020.12.16-11.23.15:115][490]LogShaderCompilers: Display: Worker (1/5): shaders left to compile 22
[2020.12.16-11.23.15:220][494]LogShaderCompilers: Display: Worker (2/5): shaders left to compile 21
[2020.12.16-11.23.15:293][497]LogShaderCompilers: Display: Worker (4/5): shaders left to compile 20
[2020.12.16-11.23.16:160][523]LogShaderCompilers: Display: Worker (3/5): shaders left to compile 19
[2020.12.16-11.23.16:194][524]LogShaderCompilers: Display: Worker (2/5): shaders left to compile 18
[2020.12.16-11.23.16:268][526]LogShaderCompilers: Display: Worker (4/5): shaders left to compile 17
[2020.12.16-11.23.16:301][527]LogShaderCompilers: Display: Worker (1/5): shaders left to compile 16
[2020.12.16-11.23.17:130][551]LogShaderCompilers: Display: Worker (4/5): shaders left to compile 15
[2020.12.16-11.23.17:199][553]LogShaderCompilers: Display: Worker (1/5): shaders left to compile 14
[2020.12.16-11.23.17:322][557]LogShaderCompilers: Display: Worker (2/5): shaders left to compile 13
[2020.12.16-11.23.17:353][558]LogShaderCompilers: Display: Worker (3/5): shaders left to compile 12
[2020.12.16-11.23.18:182][583]LogShaderCompilers: Display: Worker (2/5): shaders left to compile 11
[2020.12.16-11.23.18:216][584]LogShaderCompilers: Display: Worker (4/5): shaders left to compile 10
[2020.12.16-11.23.18:272][586]LogShaderCompilers: Display: Worker (3/5): shaders left to compile 9
[2020.12.16-11.23.18:324][588]LogShaderCompilers: Display: Worker (1/5): shaders left to compile 8
[2020.12.16-11.23.19:191][614]LogShaderCompilers: Display: Worker (3/5): shaders left to compile 7
[2020.12.16-11.23.19:258][616]LogShaderCompilers: Display: Worker (1/5): shaders left to compile 6
[2020.12.16-11.23.19:354][619]LogShaderCompilers: Display: Worker (2/5): shaders left to compile 5
[2020.12.16-11.23.19:411][621]LogShaderCompilers: Display: Worker (4/5): shaders left to compile 4
[2020.12.16-11.23.20:360][646]LogShaderCompilers: Display: Worker (2/5): shaders left to compile 3
[2020.12.16-11.23.20:360][646]LogShaderCompilers: Display: Worker (3/5): shaders left to compile 2
[2020.12.16-11.23.20:389][647]LogShaderCompilers: Display: Worker (4/5): shaders left to compile 1
[2020.12.16-11.23.39:869][209]LogMaterial: Display: Missing cached shader map for material M_Ground_Moss, compiling. 
[2020.12.16-11.23.39:899][209]LogShaderCompilers: Display: Worker (1/5): shaders left to compile 29
[2020.12.16-11.23.39:899][209]LogShaderCompilers: Display: Worker (2/5): shaders left to compile 28
[2020.12.16-11.23.39:899][209]LogShaderCompilers: Display: Worker (3/5): shaders left to compile 27
[2020.12.16-11.23.39:899][209]LogShaderCompilers: Display: Worker (4/5): shaders left to compile 26
[2020.12.16-11.23.39:902][209]LogMaterial: Display: Missing cached shader map for material M_Ground_Moss, compiling. 
[2020.12.16-11.23.39:927][209]LogMaterial: Display: Missing cached shader map for material M_Ground_Moss, compiling. 
[2020.12.16-11.23.40:462][220]LogShaderCompilers: Display: Worker (3/5): shaders left to compile 29
[2020.12.16-11.23.40:901][233]LogShaderCompilers: Display: Worker (2/5): shaders left to compile 28
[2020.12.16-11.23.41:135][240]LogShaderCompilers: Display: Worker (4/5): shaders left to compile 27
[2020.12.16-11.23.41:171][241]LogShaderCompilers: Display: Worker (1/5): shaders left to compile 26
[2020.12.16-11.23.41:839][258]LogShaderCompilers: Display: Worker (3/5): shaders left to compile 25
[2020.12.16-11.23.41:839][258]LogShaderCompilers: Display: Worker (4/5): shaders left to compile 24
[2020.12.16-11.23.41:908][259]LogShaderCompilers: Display: Worker (2/5): shaders left to compile 23
[2020.12.16-11.23.42:344][273]LogShaderCompilers: Display: Worker (1/5): shaders left to compile 22
[2020.12.16-11.23.42:475][275]LogShaderCompilers: Display: Worker (4/5): shaders left to compile 21
[2020.12.16-11.23.42:857][286]LogMaterialEditor: Saving and Compiling material M_Ground_Moss
[2020.12.16-11.23.47:599][286]LogShaderCompilers: Display: Worker (3/5): shaders left to compile 20
[2020.12.16-11.23.47:599][286]LogShaderCompilers: Display: Worker (2/5): shaders left to compile 19
[2020.12.16-11.23.47:599][286]LogShaderCompilers: Display: Worker (4/5): shaders left to compile 18
[2020.12.16-11.23.47:599][286]LogShaderCompilers: Display: Worker (1/5): shaders left to compile 17
[2020.12.16-11.23.47:599][286]LogShaderCompilers: Display: Worker (4/5): shaders left to compile 16
[2020.12.16-11.23.47:599][286]LogShaderCompilers: Display: Worker (2/5): shaders left to compile 15
[2020.12.16-11.23.47:599][286]LogShaderCompilers: Display: Worker (3/5): shaders left to compile 14
[2020.12.16-11.23.47:599][286]LogShaderCompilers: Display: Worker (1/5): shaders left to compile 13
[2020.12.16-11.23.47:599][286]LogShaderCompilers: Display: Worker (2/5): shaders left to compile 12
[2020.12.16-11.23.47:599][286]LogShaderCompilers: Display: Worker (4/5): shaders left to compile 11
[2020.12.16-11.23.47:599][286]LogShaderCompilers: Display: Worker (3/5): shaders left to compile 10
[2020.12.16-11.23.47:599][286]LogShaderCompilers: Display: Worker (2/5): shaders left to compile 9
[2020.12.16-11.23.47:599][286]LogShaderCompilers: Display: Worker (1/5): shaders left to compile 8
[2020.12.16-11.23.47:599][286]LogShaderCompilers: Display: Worker (1/5): shaders left to compile 7
[2020.12.16-11.23.47:599][286]LogShaderCompilers: Display: Worker (4/5): shaders left to compile 6
[2020.12.16-11.23.47:599][286]LogShaderCompilers: Display: Worker (2/5): shaders left to compile 5
[2020.12.16-11.23.47:599][286]LogShaderCompilers: Display: Worker (3/5): shaders left to compile 4
[2020.12.16-11.23.47:599][286]LogShaderCompilers: Display: Worker (3/5): shaders left to compile 3
[2020.12.16-11.23.47:599][286]LogShaderCompilers: Display: Worker (4/5): shaders left to compile 2
[2020.12.16-11.23.47:599][286]LogShaderCompilers: Display: Worker (1/5): shaders left to compile 1
[2020.12.16-11.23.47:611][286]LogMaterial: Display: Missing cached shader map for material M_Ground_Moss, compiling. 
[2020.12.16-11.23.47:680][286]LogShaderCompilers: Display: Worker (1/5): shaders left to compile 29
[2020.12.16-11.23.47:680][286]LogShaderCompilers: Display: Worker (2/5): shaders left to compile 28
[2020.12.16-11.23.47:680][286]LogShaderCompilers: Display: Worker (3/5): shaders left to compile 27
[2020.12.16-11.23.47:680][286]LogShaderCompilers: Display: Worker (4/5): shaders left to compile 26
[2020.12.16-11.23.47:709][286]LogMaterial: Display: Missing cached shader map for material M_Ground_Moss, compiling. 
[2020.12.16-11.23.47:897][286]LogUObjectHash: Compacting FUObjectHashTables data took   7.30ms
[2020.12.16-11.23.47:911][286]LogMaterial: Display: Missing cached shader map for material DebugViewMode MaterialTexCoordScale, compiling. 
[2020.12.16-11.23.48:488][286]LogShaderCompilers: Display: Worker (3/5): shaders left to compile 75
[2020.12.16-11.23.48:488][286]LogShaderCompilers: Display: Worker (2/5): shaders left to compile 74
[2020.12.16-11.23.48:488][286]LogShaderCompilers: Display: Worker (4/5): shaders left to compile 73
[2020.12.16-11.23.48:488][286]LogShaderCompilers: Display: Worker (1/5): shaders left to compile 72
[2020.12.16-11.23.49:047][286]LogShaderCompilers: Display: Worker (2/5): shaders left to compile 71
[2020.12.16-11.23.49:047][286]LogShaderCompilers: Display: Worker (3/5): shaders left to compile 70
[2020.12.16-11.23.49:047][286]LogShaderCompilers: Display: Worker (1/5): shaders left to compile 69
[2020.12.16-11.23.49:047][286]LogShaderCompilers: Display: Worker (2/5): shaders left to compile 68
[2020.12.16-11.23.49:047][286]LogShaderCompilers: Display: Worker (4/5): shaders left to compile 67
[2020.12.16-11.23.49:606][286]LogShaderCompilers: Display: Worker (2/5): shaders left to compile 66
[2020.12.16-11.23.49:606][286]LogShaderCompilers: Display: Worker (3/5): shaders left to compile 65
[2020.12.16-11.23.49:606][286]LogShaderCompilers: Display: Worker (1/5): shaders left to compile 64
[2020.12.16-11.23.49:606][286]LogShaderCompilers: Display: Worker (4/5): shaders left to compile 63
[2020.12.16-11.23.49:606][286]LogShaderCompilers: Display: Worker (3/5): shaders left to compile 62
[2020.12.16-11.23.50:165][286]LogShaderCompilers: Display: Worker (2/5): shaders left to compile 61
[2020.12.16-11.23.50:165][286]LogShaderCompilers: Display: Worker (3/5): shaders left to compile 60
[2020.12.16-11.23.50:165][286]LogShaderCompilers: Display: Worker (1/5): shaders left to compile 59
[2020.12.16-11.23.50:165][286]LogShaderCompilers: Display: Worker (4/5): shaders left to compile 58
[2020.12.16-11.23.50:723][286]LogShaderCompilers: Display: Worker (4/5): shaders left to compile 57
[2020.12.16-11.23.50:723][286]LogShaderCompilers: Display: Worker (3/5): shaders left to compile 56
[2020.12.16-11.23.50:723][286]LogShaderCompilers: Display: Worker (2/5): shaders left to compile 55
[2020.12.16-11.23.50:723][286]LogShaderCompilers: Display: Worker (1/5): shaders left to compile 54
[2020.12.16-11.23.51:282][286]LogShaderCompilers: Display: Worker (1/5): shaders left to compile 53
[2020.12.16-11.23.51:282][286]LogShaderCompilers: Display: Worker (4/5): shaders left to compile 52
[2020.12.16-11.23.51:282][286]LogShaderCompilers: Display: Worker (2/5): shaders left to compile 51
[2020.12.16-11.23.51:282][286]LogShaderCompilers: Display: Worker (3/5): shaders left to compile 50
[2020.12.16-11.23.51:841][286]LogShaderCompilers: Display: Worker (1/5): shaders left to compile 49
[2020.12.16-11.23.51:841][286]LogShaderCompilers: Display: Worker (2/5): shaders left to compile 48
[2020.12.16-11.23.51:841][286]LogShaderCompilers: Display: Worker (3/5): shaders left to compile 38
[2020.12.16-11.23.51:841][286]LogShaderCompilers: Display: Worker (4/5): shaders left to compile 28
[2020.12.16-11.23.51:887][286]LogShaderCompilers: Display: Worker (1/5): shaders left to compile 20
[2020.12.16-11.23.51:898][286]TextureStreamingBuild: Display: Compiling optional shaders took 3.997 seconds.
[2020.12.16-11.23.51:998][286]LogUObjectHash: Compacting FUObjectHashTables data took   5.15ms
[2020.12.16-11.23.55:995][286]LogShaderCompilers: Display: Worker (1/5): shaders left to compile 14
[2020.12.16-11.23.56:554][286]LogShaderCompilers: Display: Worker (4/5): shaders left to compile 10
[2020.12.16-11.23.56:554][286]LogShaderCompilers: Display: Worker (3/5): shaders left to compile 7
[2020.12.16-11.23.57:111][286]LogShaderCompilers: Display: Worker (2/5): shaders left to compile 5
[2020.12.16-11.23.57:671][286]LogShaderCompilers: Display: Worker (2/5): shaders left to compile 3
[2020.12.16-11.23.57:671][286]LogShaderCompilers: Display: Worker (3/5): shaders left to compile 2
[2020.12.16-11.23.57:671][286]LogShaderCompilers: Display: Worker (4/5): shaders left to compile 1
[2020.12.16-11.23.58:349][286]LogSavePackage: Moving '../../../../../../Users/bewha/Desktop/Unreal project/IceCubeGame/Saved/M_Ground_MossFC52320C44420590CF4D078DDB33A23D.tmp' to '../../../../../../Users/bewha/Desktop/Unreal project/IceCubeGame/Content/StarterContent/Materials/M_Ground_Moss.uasset'
[2020.12.16-11.23.58:390][286]AssetCheck: New page: Asset Save: M_Ground_Moss
[2020.12.16-11.23.58:390][286]LogContentValidation: Display: Validating Material /Game/StarterContent/Materials/M_Ground_Moss.M_Ground_Moss
[2020.12.16-11.23.58:402][286]MaterialEditorStats: Base pass shader: 159 instructions
[2020.12.16-11.23.58:402][286]MaterialEditorStats: Base pass shader with Surface Lightmap: 186 instructions
[2020.12.16-11.23.58:402][286]MaterialEditorStats: Base pass shader with Volumetric Lightmap: 233 instructions
[2020.12.16-11.23.58:402][286]MaterialEditorStats: Base pass vertex shader: 44 instructions
[2020.12.16-11.23.58:402][286]MaterialEditorStats: Base pass vertex shader: 87 instructions
[2020.12.16-11.23.58:402][286]MaterialEditorStats: Texture samplers: 7/16
[2020.12.16-11.23.58:402][286]MaterialEditorStats: Texture Lookups (Est.): VS(0), PS(6)
[2020.12.16-11.23.58:402][286]MaterialEditorStats: User interpolators: 2/4 Scalars (1/4 Vectors) (TexCoords: 2, Custom: 0)
[2020.12.16-11.24.15:927][637]LogSlate: Window 'M_Ground_Moss' being destroyed
[2020.12.16-11.24.15:940][637]LogSlate: Window 'M_Ground_Moss' being destroyed
[2020.12.16-11.24.16:001][637]LogWorld: UWorld::CleanupWorld for World_6, bSessionEnded=true, bCleanupResources=true
[2020.12.16-11.24.16:001][637]LogSlate: InvalidateAllWidgets triggered.  All widgets were invalidated
[2020.12.16-11.25.24:047][694]LogUObjectHash: Compacting FUObjectHashTables data took   2.52ms
[2020.12.16-11.25.24:053][694]LogMetaData: Removing '/Game/ThirdPersonBP/Blueprints/Pickup_MaterialSwitcher.Pickup_MaterialSwitcher:UserConstructionScript.K2Node_FunctionEntry_0' ref from Metadata '/Game/ThirdPersonBP/Blueprints/MaterialPicker.PackageMetaData'
[2020.12.16-11.25.24:053][694]LogMetaData: Removing '/Game/ThirdPersonBP/Blueprints/Pickup_MaterialSwitcher.SKEL_Pickup_MaterialSwitcher_C' ref from Metadata '/Game/ThirdPersonBP/Blueprints/MaterialPicker.PackageMetaData'
[2020.12.16-11.25.24:053][694]LogMetaData: Removing '/Game/ThirdPersonBP/Blueprints/Pickup_MaterialSwitcher.Pickup_MaterialSwitcher_C' ref from Metadata '/Game/ThirdPersonBP/Blueprints/MaterialPicker.PackageMetaData'
[2020.12.16-11.25.24:053][694]LogMetaData: Removing '/Game/ThirdPersonBP/Blueprints/Pickup_MaterialSwitcher.Pickup_MaterialSwitcher:EventGraph.K2Node_Event_0' ref from Metadata '/Game/ThirdPersonBP/Blueprints/MaterialPicker.PackageMetaData'
[2020.12.16-11.25.24:053][694]LogMetaData: Removing '/Game/ThirdPersonBP/Blueprints/Pickup_MaterialSwitcher.Pickup_MaterialSwitcher:EventGraph.K2Node_Event_1' ref from Metadata '/Game/ThirdPersonBP/Blueprints/MaterialPicker.PackageMetaData'
[2020.12.16-11.25.24:053][694]LogMetaData: Removing '/Game/ThirdPersonBP/Blueprints/Pickup_MaterialSwitcher.Pickup_MaterialSwitcher:EventGraph.K2Node_Event_2' ref from Metadata '/Game/ThirdPersonBP/Blueprints/MaterialPicker.PackageMetaData'
[2020.12.16-11.25.24:109][694]LogSavePackage: Moving '../../../../../../Users/bewha/Desktop/Unreal project/IceCubeGame/Saved/Pickup_MaterialSwitcher46BFA9474B880F1B1967CB85E7D20988.tmp' to '../../../../../../Users/bewha/Desktop/Unreal project/IceCubeGame/Content/ThirdPersonBP/Blueprints/Pickup_MaterialSwitcher.uasset'
[2020.12.16-11.25.24:298][694]LogUObjectHash: Compacting FUObjectHashTables data took   2.38ms
[2020.12.16-11.25.24:327][694]LogUObjectHash: Compacting FUObjectHashTables data took   1.82ms
[2020.12.16-11.25.24:348][694]LogUObjectHash: Compacting FUObjectHashTables data took   0.63ms
[2020.12.16-11.25.24:413][694]AssetCheck: New page: Asset Save: Pickup_MaterialSwitcher
[2020.12.16-11.25.24:413][694]LogContentValidation: Display: Validating Blueprint /Game/ThirdPersonBP/Blueprints/Pickup_MaterialSwitcher.Pickup_MaterialSwitcher
[2020.12.16-11.25.27:279][808]LogUObjectHash: Compacting FUObjectHashTables data took   2.29ms
[2020.12.16-11.25.27:329][808]LogSavePackage: Moving '../../../../../../Users/bewha/Desktop/Unreal project/IceCubeGame/Saved/ThirdPersonExampleMap982A27FE42C89B57C45C01A53777784D.tmp' to '../../../../../../Users/bewha/Desktop/Unreal project/IceCubeGame/Content/ThirdPersonBP/Maps/ThirdPersonExampleMap.umap'
[2020.12.16-11.25.27:574][808]LogSavePackage: Moving '../../../../../../Users/bewha/Desktop/Unreal project/IceCubeGame/Saved/ThirdPersonExampleMap_BuiltData35B2D3B046A40D5D37424F866A750831.tmp' to '../../../../../../Users/bewha/Desktop/Unreal project/IceCubeGame/Content/ThirdPersonBP/Maps/ThirdPersonExampleMap_BuiltData.uasset'
[2020.12.16-11.25.27:591][808]AssetCheck: New page: Asset Save: multiple assets
[2020.12.16-11.25.27:591][808]LogContentValidation: Display: Validating World /Game/ThirdPersonBP/Maps/ThirdPersonExampleMap.ThirdPersonExampleMap
[2020.12.16-11.25.27:591][808]LogContentValidation: Display: Validating MapBuildDataRegistry /Game/ThirdPersonBP/Maps/ThirdPersonExampleMap_BuiltData.ThirdPersonExampleMap_BuiltData
[2020.12.16-11.26.07:568][ 87]LogAssetEditorSubsystem: Opening Asset editor for Blueprint /Game/ThirdPersonBP/Blueprints/Pickup_MaterialSwitcher.Pickup_MaterialSwitcher
[2020.12.16-11.30.08:488][839]LogSavePackage: Moving '../../../../../../Users/bewha/Desktop/Unreal project/IceCubeGame/Saved/Pickup_MaterialSwitcherADC8762C4284B353E5783EA543EADE8B.tmp' to '../../../../../../Users/bewha/Desktop/Unreal project/IceCubeGame/Content/ThirdPersonBP/Blueprints/Pickup_MaterialSwitcher.uasset'
[2020.12.16-11.30.08:506][839]AssetCheck: New page: Asset Save: Pickup_MaterialSwitcher
[2020.12.16-11.30.08:506][839]LogContentValidation: Display: Validating Blueprint /Game/ThirdPersonBP/Blueprints/Pickup_MaterialSwitcher.Pickup_MaterialSwitcher
[2020.12.16-11.30.31:192][ 96]LogSavePackage: Moving '../../../../../../Users/bewha/Desktop/Unreal project/IceCubeGame/Saved/Pickup_MaterialSwitcher87EDCFE9435B34FEE05EF0A76A120A3D.tmp' to '../../../../../../Users/bewha/Desktop/Unreal project/IceCubeGame/Content/ThirdPersonBP/Blueprints/Pickup_MaterialSwitcher.uasset'
[2020.12.16-11.30.31:206][ 96]AssetCheck: New page: Asset Save: Pickup_MaterialSwitcher
[2020.12.16-11.30.31:206][ 96]LogContentValidation: Display: Validating Blueprint /Game/ThirdPersonBP/Blueprints/Pickup_MaterialSwitcher.Pickup_MaterialSwitcher
[2020.12.16-11.43.01:556][549]LogSavePackage: Moving '../../../../../../Users/bewha/Desktop/Unreal project/IceCubeGame/Saved/Pickup_MaterialSwitcher5F1038D6474E208AE35375958DF31F42.tmp' to '../../../../../../Users/bewha/Desktop/Unreal project/IceCubeGame/Content/ThirdPersonBP/Blueprints/Pickup_MaterialSwitcher.uasset'
[2020.12.16-11.43.01:574][549]AssetCheck: New page: Asset Save: Pickup_MaterialSwitcher
[2020.12.16-11.43.01:574][549]LogContentValidation: Display: Validating Blueprint /Game/ThirdPersonBP/Blueprints/Pickup_MaterialSwitcher.Pickup_MaterialSwitcher
[2020.12.16-11.43.03:095][622]LogSlate: Window 'Pickup_MaterialSwitcher' being destroyed
[2020.12.16-11.43.03:101][622]LogSlate: Window 'Pickup_MaterialSwitcher' being destroyed
[2020.12.16-11.43.03:131][622]LogWorld: UWorld::CleanupWorld for World_9, bSessionEnded=true, bCleanupResources=true
[2020.12.16-11.43.03:131][622]LogSlate: InvalidateAllWidgets triggered.  All widgets were invalidated
[2020.12.16-11.43.05:027][699]LogAssetEditorSubsystem: Opening Asset editor for Blueprint /Game/ThirdPersonBP/Blueprints/ThirdPersonCharacter.ThirdPersonCharacter
[2020.12.16-11.54.07:206][140]LogSavePackage: Moving '../../../../../../Users/bewha/Desktop/Unreal project/IceCubeGame/Saved/ThirdPersonCharacter510EE9724BA2F5E6AAFA19AF32BBCBD2.tmp' to '../../../../../../Users/bewha/Desktop/Unreal project/IceCubeGame/Content/ThirdPersonBP/Blueprints/ThirdPersonCharacter.uasset'
[2020.12.16-11.54.07:230][140]AssetCheck: New page: Asset Save: ThirdPersonCharacter
[2020.12.16-11.54.07:230][140]LogContentValidation: Display: Validating Blueprint /Game/ThirdPersonBP/Blueprints/ThirdPersonCharacter.ThirdPersonCharacter
[2020.12.16-11.54.08:884][216]LogSlate: Window 'ThirdPersonCharacter' being destroyed
[2020.12.16-11.54.08:897][216]LogSlate: Window 'ThirdPersonCharacter' being destroyed
[2020.12.16-11.54.08:919][216]LogWorld: UWorld::CleanupWorld for World_10, bSessionEnded=true, bCleanupResources=true
[2020.12.16-11.54.08:919][216]LogSlate: InvalidateAllWidgets triggered.  All widgets were invalidated
[2020.12.16-11.54.10:538][282]LogAssetEditorSubsystem: Opening Asset editor for Blueprint /Game/ThirdPersonBP/Blueprints/BasePickUp.BasePickUp
[2020.12.16-11.54.21:295][792]LogSlate: Window 'BasePickUp' being destroyed
[2020.12.16-11.54.21:307][792]LogSlate: Window 'BasePickUp' being destroyed
[2020.12.16-11.54.21:309][792]LogWorld: UWorld::CleanupWorld for World_11, bSessionEnded=true, bCleanupResources=true
[2020.12.16-11.54.21:309][792]LogSlate: InvalidateAllWidgets triggered.  All widgets were invalidated
[2020.12.16-11.54.24:969][957]LogAssetEditorSubsystem: Opening Asset editor for Blueprint /Game/ThirdPersonBP/Blueprints/Pickup_MaterialSwitcher.Pickup_MaterialSwitcher
[2020.12.16-12.27.18:579][665]LogSlate: Window 'Pickup_MaterialSwitcher' being destroyed
[2020.12.16-12.27.18:595][665]LogSlate: Window 'Pickup_MaterialSwitcher' being destroyed
[2020.12.16-12.27.18:596][665]LogWorld: UWorld::CleanupWorld for World_12, bSessionEnded=true, bCleanupResources=true
[2020.12.16-12.27.18:597][665]LogSlate: InvalidateAllWidgets triggered.  All widgets were invalidated
[2020.12.16-12.27.19:393][700]LogUObjectHash: Compacting FUObjectHashTables data took   2.92ms
[2020.12.16-12.27.19:476][700]LogSlate: Window 'IceCubeGame - Unreal Editor' being destroyed
[2020.12.16-12.27.19:478][700]LogWindowsTextInputMethodSystem: Display: IME system now deactivated.
[2020.12.16-12.27.19:698][701]Cmd: QUIT_EDITOR
[2020.12.16-12.27.19:698][701]LogCore: Engine exit requested (reason: UUnrealEdEngine::CloseEditor())
[2020.12.16-12.27.19:709][701]LogCore: Engine exit requested (reason: EngineExit() was called; note: exit was already requested)
[2020.12.16-12.27.19:768][701]LogExit: Preparing to exit.
[2020.12.16-12.27.20:287][701]LogWorld: UWorld::CleanupWorld for World_0, bSessionEnded=true, bCleanupResources=true
[2020.12.16-12.27.20:289][701]LogWorld: UWorld::CleanupWorld for World_2, bSessionEnded=true, bCleanupResources=true
[2020.12.16-12.27.20:291][701]LogWorld: UWorld::CleanupWorld for World_7, bSessionEnded=true, bCleanupResources=true
[2020.12.16-12.27.20:293][701]LogWorld: UWorld::CleanupWorld for World_8, bSessionEnded=true, bCleanupResources=true
[2020.12.16-12.27.20:295][701]LogWorld: UWorld::CleanupWorld for World_3, bSessionEnded=true, bCleanupResources=true
[2020.12.16-12.27.20:296][701]LogWorld: UWorld::CleanupWorld for World_4, bSessionEnded=true, bCleanupResources=true
[2020.12.16-12.27.20:329][701]LogDemo: Cleaned up 0 splitscreen connections with owner deletion
[2020.12.16-12.27.20:339][701]LogWorld: UWorld::CleanupWorld for None, bSessionEnded=true, bCleanupResources=true
[2020.12.16-12.27.20:339][701]LogExit: Editor shut down
[2020.12.16-12.27.20:341][701]LogExit: Transaction tracking system shut down
[2020.12.16-12.27.20:470][701]LogAISub: UAISubsystem::~UAISubsystem AISubsystem (000002071D640340), frame # 186701
[2020.12.16-12.27.20:470][701]LogAISub: UAISubsystem::~UAISubsystem AIPerceptionSystem (000002071D573740), frame # 186701
[2020.12.16-12.27.20:470][701]LogAISub: UAISubsystem::~UAISubsystem EnvQueryManager (000002071D5C9E00), frame # 186701
[2020.12.16-12.27.20:478][701]LogAISub: UAISubsystem::~UAISubsystem EnvQueryManager (000002070F3B3E00), frame # 186701
[2020.12.16-12.27.20:478][701]LogAISub: UAISubsystem::~UAISubsystem AIPerceptionSystem (000002070F40CE00), frame # 186701
[2020.12.16-12.27.20:552][701]LogExit: Object subsystem successfully closed.
[2020.12.16-12.27.20:578][701]LogShaderCompilers: Display: Shaders left to compile 0
[2020.12.16-12.27.20:614][701]LogModuleManager: Shutting down and abandoning module HierarchicalLODUtilities (794)
[2020.12.16-12.27.20:614][701]LogModuleManager: Shutting down and abandoning module BlueprintGraph (792)
[2020.12.16-12.27.20:614][701]LogModuleManager: Shutting down and abandoning module HierarchicalLODOutliner (790)
[2020.12.16-12.27.20:614][701]LogModuleManager: Shutting down and abandoning module SceneOutliner (788)
[2020.12.16-12.27.20:614][701]LogModuleManager: Shutting down and abandoning module AddContentDialog (786)
[2020.12.16-12.27.20:614][701]LogModuleManager: Shutting down and abandoning module WidgetCarousel (785)
[2020.12.16-12.27.20:614][701]LogModuleManager: Shutting down and abandoning module EditorWidgets (782)
[2020.12.16-12.27.20:614][701]LogModuleManager: Shutting down and abandoning module CollectionManager (780)
[2020.12.16-12.27.20:615][701]LogModuleManager: Shutting down and abandoning module StatsViewer (778)
[2020.12.16-12.27.20:615][701]LogModuleManager: Shutting down and abandoning module VirtualTexturingEditor (776)
[2020.12.16-12.27.20:615][701]LogModuleManager: Shutting down and abandoning module FoliageEdit (774)
[2020.12.16-12.27.20:615][701]LogModuleManager: Shutting down and abandoning module LandscapeEditor (772)
[2020.12.16-12.27.20:615][701]LogModuleManager: Shutting down and abandoning module MeshPaintMode (770)
[2020.12.16-12.27.20:615][701]LogModuleManager: Shutting down and abandoning module SceneDepthPickerMode (768)
[2020.12.16-12.27.20:615][701]LogModuleManager: Shutting down and abandoning module ActorPickerMode (766)
[2020.12.16-12.27.20:615][701]LogModuleManager: Shutting down and abandoning module PIEPreviewDeviceProfileSelector (764)
[2020.12.16-12.27.20:615][701]LogModuleManager: Shutting down and abandoning module SequenceRecorderSections (762)
[2020.12.16-12.27.20:615][701]LogModuleManager: Shutting down and abandoning module AutomationWorker (760)
[2020.12.16-12.27.20:615][701]LogModuleManager: Shutting down and abandoning module SteamVREditor (758)
[2020.12.16-12.27.20:615][701]LogModuleManager: Shutting down and abandoning module OculusMR (756)
[2020.12.16-12.27.20:615][701]LogModuleManager: Shutting down and abandoning module GooglePADEditor (754)
[2020.12.16-12.27.20:615][701]LogModuleManager: Shutting down and abandoning module AudioCaptureEditor (752)
[2020.12.16-12.27.20:615][701]LogModuleManager: Shutting down and abandoning module TemplateSequenceEditor (750)
[2020.12.16-12.27.20:615][701]LogModuleManager: Shutting down and abandoning module MatineeToLevelSequence (748)
[2020.12.16-12.27.20:615][701]LogModuleManager: Shutting down and abandoning module LevelSequenceEditor (746)
[2020.12.16-12.27.20:615][701]LogModuleManager: Shutting down and abandoning module ActorSequenceEditor (744)
[2020.12.16-12.27.20:615][701]LogModuleManager: Shutting down and abandoning module WmfMediaFactory (742)
[2020.12.16-12.27.20:615][701]LogModuleManager: Shutting down and abandoning module WmfMediaEditor (740)
[2020.12.16-12.27.20:615][701]LogModuleManager: Shutting down and abandoning module WebMMediaFactory (738)
[2020.12.16-12.27.20:615][701]LogModuleManager: Shutting down and abandoning module WebMMediaEditor (736)
[2020.12.16-12.27.20:615][701]LogModuleManager: Shutting down and abandoning module WebMMedia (734)
[2020.12.16-12.27.20:615][701]LogModuleManager: Shutting down and abandoning module MediaPlayerEditor (732)
[2020.12.16-12.27.20:615][701]LogModuleManager: Shutting down and abandoning module MediaCompositingEditor (730)
[2020.12.16-12.27.20:615][701]LogModuleManager: Shutting down and abandoning module SequenceRecorder (729)
[2020.12.16-12.27.20:615][701]LogModuleManager: Shutting down and abandoning module OpenExrWrapper (726)
[2020.12.16-12.27.20:615][701]LogModuleManager: Shutting down and abandoning module ImgMediaFactory (724)
[2020.12.16-12.27.20:615][701]LogModuleManager: Shutting down and abandoning module ImgMediaEditor (722)
[2020.12.16-12.27.20:615][701]LogModuleManager: Shutting down and abandoning module AvfMediaFactory (720)
[2020.12.16-12.27.20:615][701]LogModuleManager: Shutting down and abandoning module AvfMediaEditor (718)
[2020.12.16-12.27.20:615][701]LogModuleManager: Shutting down and abandoning module AndroidMediaFactory (716)
[2020.12.16-12.27.20:615][701]LogModuleManager: Shutting down and abandoning module AndroidMediaEditor (714)
[2020.12.16-12.27.20:615][701]LogModuleManager: Shutting down and abandoning module MagicLeapMediaCodecFactory (712)
[2020.12.16-12.27.20:615][701]LogModuleManager: Shutting down and abandoning module MagicLeapMediaFactory (710)
[2020.12.16-12.27.20:616][701]LogModuleManager: Shutting down and abandoning module MagicLeapMediaEditor (708)
[2020.12.16-12.27.20:616][701]LogModuleManager: Shutting down and abandoning module PlanarCut (706)
[2020.12.16-12.27.20:616][701]LogModuleManager: Shutting down and abandoning module CharacterAI (704)
[2020.12.16-12.27.20:616][701]LogModuleManager: Shutting down and abandoning module TextureAlignMode (702)
[2020.12.16-12.27.20:616][701]LogModuleManager: Shutting down and abandoning module BspMode (700)
[2020.12.16-12.27.20:616][701]LogModuleManager: Shutting down and abandoning module PlacementMode (699)
[2020.12.16-12.27.20:616][701]LogModuleManager: Shutting down and abandoning module GeometryMode (696)
[2020.12.16-12.27.20:616][701]LogModuleManager: Shutting down and abandoning module CameraShakePreviewer (694)
[2020.12.16-12.27.20:616][701]LogModuleManager: Shutting down and abandoning module SmartSnapping (692)
[2020.12.16-12.27.20:616][701]LogModuleManager: Shutting down and abandoning module SessionServices (690)
[2020.12.16-12.27.20:616][701]LogModuleManager: Shutting down and abandoning module MeshPaint (688)
[2020.12.16-12.27.20:616][701]LogModuleManager: Shutting down and abandoning module ViewportSnapping (686)
[2020.12.16-12.27.20:616][701]LogModuleManager: Shutting down and abandoning module ViewportInteraction (684)
[2020.12.16-12.27.20:616][701]LogModuleManager: Shutting down and abandoning module ClothPainter (682)
[2020.12.16-12.27.20:616][701]LogModuleManager: Shutting down and abandoning module SkeletalMeshEditor (681)
[2020.12.16-12.27.20:616][701]LogModuleManager: Shutting down and abandoning module LogVisualizer (678)
[2020.12.16-12.27.20:616][701]LogModuleManager: Shutting down and abandoning module IntroTutorials (676)
[2020.12.16-12.27.20:616][701]LogModuleManager: Shutting down and abandoning module GameProjectGeneration (675)
[2020.12.16-12.27.20:616][701]LogModuleManager: Shutting down and abandoning module LuminPlatformEditor (672)
[2020.12.16-12.27.20:616][701]LogModuleManager: Shutting down and abandoning module IOSPlatformEditor (670)
[2020.12.16-12.27.20:616][701]LogModuleManager: Shutting down and abandoning module AndroidPlatformEditor (668)
[2020.12.16-12.27.20:616][701]LogModuleManager: Shutting down and abandoning module AndroidDeviceDetection (667)
